<?xml version="1.0" encoding="UTF-8" ?>
<testsuite tests="614" failures="1" name="TestSuite" time="15.512" errors="0" skipped="0">
  <properties>
    <property name="java.runtime.name" value="Java(TM) SE Runtime Environment"/>
    <property name="sun.boot.library.path" value="/Library/Java/JavaVirtualMachines/jdk1.8.0_131.jdk/Contents/Home/jre/lib"/>
    <property name="java.vm.version" value="25.131-b11"/>
    <property name="gopherProxySet" value="false"/>
    <property name="java.vm.vendor" value="Oracle Corporation"/>
    <property name="maven.multiModuleProjectDirectory" value="/Users/akaran001c/github_public/Api_Test_Task/task-for-api-test"/>
    <property name="java.vendor.url" value="http://java.oracle.com/"/>
    <property name="path.separator" value=":"/>
    <property name="guice.disable.misplaced.annotation.check" value="true"/>
    <property name="java.vm.name" value="Java HotSpot(TM) 64-Bit Server VM"/>
    <property name="file.encoding.pkg" value="sun.io"/>
    <property name="user.country" value="US"/>
    <property name="sun.java.launcher" value="SUN_STANDARD"/>
    <property name="sun.os.patch.level" value="unknown"/>
    <property name="test" value="PlanetApiByIdTest,PlanetApiTest"/>
    <property name="java.vm.specification.name" value="Java Virtual Machine Specification"/>
    <property name="user.dir" value="/Users/akaran001c/github_public/Api_Test_Task/task-for-api-test"/>
    <property name="java.runtime.version" value="1.8.0_131-b11"/>
    <property name="java.awt.graphicsenv" value="sun.awt.CGraphicsEnvironment"/>
    <property name="java.endorsed.dirs" value="/Library/Java/JavaVirtualMachines/jdk1.8.0_131.jdk/Contents/Home/jre/lib/endorsed"/>
    <property name="os.arch" value="x86_64"/>
    <property name="java.io.tmpdir" value="/var/folders/zt/jvwc1b651ds4wshs08_5_mmdz_7gjh/T/"/>
    <property name="line.separator" value="
"/>
    <property name="java.vm.specification.vendor" value="Oracle Corporation"/>
    <property name="os.name" value="Mac OS X"/>
    <property name="classworlds.conf" value="/Users/akaran001c/Documents/workspace/.metadata/.plugins/org.eclipse.m2e.launching/launches/m2conf6364078815399933130.tmp"/>
    <property name="sun.jnu.encoding" value="UTF-8"/>
    <property name="java.library.path" value="/Users/akaran001c/Library/Java/Extensions:/Library/Java/Extensions:/Network/Library/Java/Extensions:/System/Library/Java/Extensions:/usr/lib/java:."/>
    <property name="java.specification.name" value="Java Platform API Specification"/>
    <property name="java.class.version" value="52.0"/>
    <property name="sun.management.compiler" value="HotSpot 64-Bit Tiered Compilers"/>
    <property name="os.version" value="10.13.6"/>
    <property name="user.home" value="/Users/akaran001c"/>
    <property name="user.timezone" value="America/New_York"/>
    <property name="java.awt.printerjob" value="sun.lwawt.macosx.CPrinterJob"/>
    <property name="java.specification.version" value="1.8"/>
    <property name="file.encoding" value="UTF-8"/>
    <property name="user.name" value="akaran001c"/>
    <property name="java.class.path" value="/Applications/Eclipse.app/Contents/Eclipse/plugins/org.eclipse.m2e.maven.runtime_1.8.0.20160921-2001/jars/plexus-classworlds-2.5.2.jar"/>
    <property name="java.vm.specification.version" value="1.8"/>
    <property name="sun.arch.data.model" value="64"/>
    <property name="java.home" value="/Library/Java/JavaVirtualMachines/jdk1.8.0_131.jdk/Contents/Home/jre"/>
    <property name="sun.java.command" value="org.codehaus.plexus.classworlds.launcher.Launcher -B -gs /Users/akaran001c/.m2/settings.xml -s /Users/akaran001c/.m2/settings.xml clean install -Dtest=PlanetApiByIdTest,PlanetApiTest test"/>
    <property name="java.specification.vendor" value="Oracle Corporation"/>
    <property name="user.language" value="en"/>
    <property name="awt.toolkit" value="sun.lwawt.macosx.LWCToolkit"/>
    <property name="java.vm.info" value="mixed mode"/>
    <property name="java.version" value="1.8.0_131"/>
    <property name="java.ext.dirs" value="/Users/akaran001c/Library/Java/Extensions:/Library/Java/JavaVirtualMachines/jdk1.8.0_131.jdk/Contents/Home/jre/lib/ext:/Library/Java/Extensions:/Network/Library/Java/Extensions:/System/Library/Java/Extensions:/usr/lib/java"/>
    <property name="sun.boot.class.path" value="/Library/Java/JavaVirtualMachines/jdk1.8.0_131.jdk/Contents/Home/jre/lib/resources.jar:/Library/Java/JavaVirtualMachines/jdk1.8.0_131.jdk/Contents/Home/jre/lib/rt.jar:/Library/Java/JavaVirtualMachines/jdk1.8.0_131.jdk/Contents/Home/jre/lib/sunrsasign.jar:/Library/Java/JavaVirtualMachines/jdk1.8.0_131.jdk/Contents/Home/jre/lib/jsse.jar:/Library/Java/JavaVirtualMachines/jdk1.8.0_131.jdk/Contents/Home/jre/lib/jce.jar:/Library/Java/JavaVirtualMachines/jdk1.8.0_131.jdk/Contents/Home/jre/lib/charsets.jar:/Library/Java/JavaVirtualMachines/jdk1.8.0_131.jdk/Contents/Home/jre/lib/jfr.jar:/Library/Java/JavaVirtualMachines/jdk1.8.0_131.jdk/Contents/Home/jre/classes"/>
    <property name="java.vendor" value="Oracle Corporation"/>
    <property name="maven.home" value="/Users/akaran001c/github_public/Api_Test_Task/task-for-api-test/EMBEDDED"/>
    <property name="file.separator" value="/"/>
    <property name="java.vendor.url.bug" value="http://bugreport.sun.com/bugreport/"/>
    <property name="sun.cpu.endian" value="little"/>
    <property name="sun.io.unicode.encoding" value="UnicodeBig"/>
    <property name="sun.cpu.isalist" value=""/>
  </properties>
  <testcase classname="com.api.task.tests.PlanetApiTest" name="testToVerifyApiResponseTimeForGetAllPlanetApi" time="0.008"/>
  <testcase classname="com.api.task.tests.PlanetApiTest" name="testToVerifyPlanetNameInApiResponse" time="0"/>
  <testcase classname="com.api.task.tests.PlanetApiTest" name="testToVerifyPlanetNameInApiResponse" time="0"/>
  <testcase classname="com.api.task.tests.PlanetApiTest" name="testToVerifyPlanetNameInApiResponse" time="0"/>
  <testcase classname="com.api.task.tests.PlanetApiTest" name="testToVerifyPlanetNameInApiResponse" time="0"/>
  <testcase classname="com.api.task.tests.PlanetApiTest" name="testToVerifyPlanetNameInApiResponse" time="0"/>
  <testcase classname="com.api.task.tests.PlanetApiTest" name="testToVerifyPlanetNameInApiResponse" time="0.001"/>
  <testcase classname="com.api.task.tests.PlanetApiTest" name="testToVerifyPlanetNameInApiResponse" time="0"/>
  <testcase classname="com.api.task.tests.PlanetApiTest" name="testToVerifyPlanetNameInApiResponse" time="0"/>
  <testcase classname="com.api.task.tests.PlanetApiTest" name="testToVerifyPlanetNameInApiResponse" time="0"/>
  <testcase classname="com.api.task.tests.PlanetApiTest" name="testToVerifyPlanetNameInApiResponse" time="0"/>
  <testcase classname="com.api.task.tests.PlanetApiTest" name="testToVerifyPlanetNameInApiResponse" time="0"/>
  <testcase classname="com.api.task.tests.PlanetApiTest" name="testToVerifyPlanetNameInApiResponse" time="0"/>
  <testcase classname="com.api.task.tests.PlanetApiTest" name="testToVerifyPlanetNameInApiResponse" time="0.001"/>
  <testcase classname="com.api.task.tests.PlanetApiTest" name="testToVerifyPlanetNameInApiResponse" time="0"/>
  <testcase classname="com.api.task.tests.PlanetApiTest" name="testToVerifyPlanetNameInApiResponse" time="0"/>
  <testcase classname="com.api.task.tests.PlanetApiTest" name="testToVerifyPlanetNameInApiResponse" time="0.001"/>
  <testcase classname="com.api.task.tests.PlanetApiTest" name="testToVerifyPlanetNameInApiResponse" time="0"/>
  <testcase classname="com.api.task.tests.PlanetApiTest" name="testToVerifyPlanetNameInApiResponse" time="0"/>
  <testcase classname="com.api.task.tests.PlanetApiTest" name="testToVerifyPlanetNameInApiResponse" time="0"/>
  <testcase classname="com.api.task.tests.PlanetApiTest" name="testToVerifyPlanetNameInApiResponse" time="0.001"/>
  <testcase classname="com.api.task.tests.PlanetApiTest" name="testToVerifyPlanetNameInApiResponse" time="0"/>
  <testcase classname="com.api.task.tests.PlanetApiTest" name="testToVerifyPlanetNameInApiResponse" time="0"/>
  <testcase classname="com.api.task.tests.PlanetApiTest" name="testToVerifyPlanetNameInApiResponse" time="0"/>
  <testcase classname="com.api.task.tests.PlanetApiTest" name="testToVerifyPlanetNameInApiResponse" time="0"/>
  <testcase classname="com.api.task.tests.PlanetApiTest" name="testToVerifyPlanetNameInApiResponse" time="0"/>
  <testcase classname="com.api.task.tests.PlanetApiTest" name="testToVerifyPlanetNameInApiResponse" time="0"/>
  <testcase classname="com.api.task.tests.PlanetApiTest" name="testToVerifyPlanetNameInApiResponse" time="0"/>
  <testcase classname="com.api.task.tests.PlanetApiTest" name="testToVerifyPlanetNameInApiResponse" time="0"/>
  <testcase classname="com.api.task.tests.PlanetApiTest" name="testToVerifyPlanetNameInApiResponse" time="0"/>
  <testcase classname="com.api.task.tests.PlanetApiTest" name="testToVerifyPlanetNameInApiResponse" time="0"/>
  <testcase classname="com.api.task.tests.PlanetApiTest" name="testToVerifyPlanetNameInApiResponse" time="0.001"/>
  <testcase classname="com.api.task.tests.PlanetApiTest" name="testToVerifyPlanetNameInApiResponse" time="0"/>
  <testcase classname="com.api.task.tests.PlanetApiTest" name="testToVerifyPlanetNameInApiResponse" time="0"/>
  <testcase classname="com.api.task.tests.PlanetApiTest" name="testToVerifyPlanetNameInApiResponse" time="0"/>
  <testcase classname="com.api.task.tests.PlanetApiTest" name="testToVerifyPlanetNameInApiResponse" time="0"/>
  <testcase classname="com.api.task.tests.PlanetApiTest" name="testToVerifyPlanetNameInApiResponse" time="0.001"/>
  <testcase classname="com.api.task.tests.PlanetApiTest" name="testToVerifyPlanetNameInApiResponse" time="0"/>
  <testcase classname="com.api.task.tests.PlanetApiTest" name="testToVerifyPlanetNameInApiResponse" time="0"/>
  <testcase classname="com.api.task.tests.PlanetApiTest" name="testToVerifyPlanetNameInApiResponse" time="0"/>
  <testcase classname="com.api.task.tests.PlanetApiTest" name="testToVerifyPlanetNameInApiResponse" time="0.001"/>
  <testcase classname="com.api.task.tests.PlanetApiTest" name="testToVerifyPlanetNameInApiResponse" time="0"/>
  <testcase classname="com.api.task.tests.PlanetApiTest" name="testToVerifyPlanetNameInApiResponse" time="0"/>
  <testcase classname="com.api.task.tests.PlanetApiTest" name="testToVerifyPlanetNameInApiResponse" time="0"/>
  <testcase classname="com.api.task.tests.PlanetApiTest" name="testToVerifyPlanetNameInApiResponse" time="0"/>
  <testcase classname="com.api.task.tests.PlanetApiTest" name="testToVerifyPlanetNameInApiResponse" time="0.001"/>
  <testcase classname="com.api.task.tests.PlanetApiTest" name="testToVerifyPlanetNameInApiResponse" time="0"/>
  <testcase classname="com.api.task.tests.PlanetApiTest" name="testToVerifyPlanetNameInApiResponse" time="0"/>
  <testcase classname="com.api.task.tests.PlanetApiTest" name="testToVerifyPlanetNameInApiResponse" time="0"/>
  <testcase classname="com.api.task.tests.PlanetApiTest" name="testToVerifyPlanetNameInApiResponse" time="0"/>
  <testcase classname="com.api.task.tests.PlanetApiTest" name="testToVerifyPlanetNameInApiResponse" time="0"/>
  <testcase classname="com.api.task.tests.PlanetApiTest" name="testToVerifyPlanetNameInApiResponse" time="0"/>
  <testcase classname="com.api.task.tests.PlanetApiTest" name="testToVerifyPlanetNameInApiResponse" time="0.001"/>
  <testcase classname="com.api.task.tests.PlanetApiTest" name="testToVerifyPlanetNameInApiResponse" time="0"/>
  <testcase classname="com.api.task.tests.PlanetApiTest" name="testToVerifyPlanetNameInApiResponse" time="0"/>
  <testcase classname="com.api.task.tests.PlanetApiTest" name="testToVerifyPlanetNameInApiResponse" time="0.001"/>
  <testcase classname="com.api.task.tests.PlanetApiTest" name="testToVerifyPlanetNameInApiResponse" time="0"/>
  <testcase classname="com.api.task.tests.PlanetApiTest" name="testToVerifyPlanetNameInApiResponse" time="0"/>
  <testcase classname="com.api.task.tests.PlanetApiTest" name="testToVerifyPlanetNameInApiResponse" time="0"/>
  <testcase classname="com.api.task.tests.PlanetApiTest" name="testToVerifyPlanetNameInApiResponse" time="0"/>
  <testcase classname="com.api.task.tests.PlanetApiTest" name="testToVerifyPlanetNameInApiResponse" time="0"/>
  <testcase classname="com.api.task.tests.PlanetApiTest" name="testToVerifyPlanetNameInApiResponse" time="0"/>
  <testcase classname="com.api.task.tests.PlanetApiTest" name="testToVerifyPlanetNameToClimate" time="0.001"/>
  <testcase classname="com.api.task.tests.PlanetApiTest" name="testToVerifyPlanetNameToClimate" time="0"/>
  <testcase classname="com.api.task.tests.PlanetApiTest" name="testToVerifyPlanetNameToClimate" time="0"/>
  <testcase classname="com.api.task.tests.PlanetApiTest" name="testToVerifyPlanetNameToClimate" time="0"/>
  <testcase classname="com.api.task.tests.PlanetApiTest" name="testToVerifyPlanetNameToClimate" time="0"/>
  <testcase classname="com.api.task.tests.PlanetApiTest" name="testToVerifyPlanetNameToClimate" time="0"/>
  <testcase classname="com.api.task.tests.PlanetApiTest" name="testToVerifyPlanetNameToClimate" time="0"/>
  <testcase classname="com.api.task.tests.PlanetApiTest" name="testToVerifyPlanetNameToClimate" time="0"/>
  <testcase classname="com.api.task.tests.PlanetApiTest" name="testToVerifyPlanetNameToClimate" time="0"/>
  <testcase classname="com.api.task.tests.PlanetApiTest" name="testToVerifyPlanetNameToClimate" time="0"/>
  <testcase classname="com.api.task.tests.PlanetApiTest" name="testToVerifyPlanetNameToClimate" time="0.001"/>
  <testcase classname="com.api.task.tests.PlanetApiTest" name="testToVerifyPlanetNameToClimate" time="0"/>
  <testcase classname="com.api.task.tests.PlanetApiTest" name="testToVerifyPlanetNameToClimate" time="0"/>
  <testcase classname="com.api.task.tests.PlanetApiTest" name="testToVerifyPlanetNameToClimate" time="0"/>
  <testcase classname="com.api.task.tests.PlanetApiTest" name="testToVerifyPlanetNameToClimate" time="0.001"/>
  <testcase classname="com.api.task.tests.PlanetApiTest" name="testToVerifyPlanetNameToClimate" time="0"/>
  <testcase classname="com.api.task.tests.PlanetApiTest" name="testToVerifyPlanetNameToClimate" time="0"/>
  <testcase classname="com.api.task.tests.PlanetApiTest" name="testToVerifyPlanetNameToClimate" time="0.001"/>
  <testcase classname="com.api.task.tests.PlanetApiTest" name="testToVerifyPlanetNameToClimate" time="0"/>
  <testcase classname="com.api.task.tests.PlanetApiTest" name="testToVerifyPlanetNameToClimate" time="0"/>
  <testcase classname="com.api.task.tests.PlanetApiTest" name="testToVerifyPlanetNameToClimate" time="0"/>
  <testcase classname="com.api.task.tests.PlanetApiTest" name="testToVerifyPlanetNameToClimate" time="0"/>
  <testcase classname="com.api.task.tests.PlanetApiTest" name="testToVerifyPlanetNameToClimate" time="0"/>
  <testcase classname="com.api.task.tests.PlanetApiTest" name="testToVerifyPlanetNameToClimate" time="0"/>
  <testcase classname="com.api.task.tests.PlanetApiTest" name="testToVerifyPlanetNameToClimate" time="0"/>
  <testcase classname="com.api.task.tests.PlanetApiTest" name="testToVerifyPlanetNameToClimate" time="0"/>
  <testcase classname="com.api.task.tests.PlanetApiTest" name="testToVerifyPlanetNameToClimate" time="0"/>
  <testcase classname="com.api.task.tests.PlanetApiTest" name="testToVerifyPlanetNameToClimate" time="0"/>
  <testcase classname="com.api.task.tests.PlanetApiTest" name="testToVerifyPlanetNameToClimate" time="0"/>
  <testcase classname="com.api.task.tests.PlanetApiTest" name="testToVerifyPlanetNameToClimate" time="0"/>
  <testcase classname="com.api.task.tests.PlanetApiTest" name="testToVerifyPlanetNameToClimate" time="0"/>
  <testcase classname="com.api.task.tests.PlanetApiTest" name="testToVerifyPlanetNameToClimate" time="0"/>
  <testcase classname="com.api.task.tests.PlanetApiTest" name="testToVerifyPlanetNameToClimate" time="0"/>
  <testcase classname="com.api.task.tests.PlanetApiTest" name="testToVerifyPlanetNameToClimate" time="0.001"/>
  <testcase classname="com.api.task.tests.PlanetApiTest" name="testToVerifyPlanetNameToClimate" time="0"/>
  <testcase classname="com.api.task.tests.PlanetApiTest" name="testToVerifyPlanetNameToClimate" time="0"/>
  <testcase classname="com.api.task.tests.PlanetApiTest" name="testToVerifyPlanetNameToClimate" time="0"/>
  <testcase classname="com.api.task.tests.PlanetApiTest" name="testToVerifyPlanetNameToClimate" time="0"/>
  <testcase classname="com.api.task.tests.PlanetApiTest" name="testToVerifyPlanetNameToClimate" time="0"/>
  <testcase classname="com.api.task.tests.PlanetApiTest" name="testToVerifyPlanetNameToClimate" time="0"/>
  <testcase classname="com.api.task.tests.PlanetApiTest" name="testToVerifyPlanetNameToClimate" time="0"/>
  <testcase classname="com.api.task.tests.PlanetApiTest" name="testToVerifyPlanetNameToClimate" time="0"/>
  <testcase classname="com.api.task.tests.PlanetApiTest" name="testToVerifyPlanetNameToClimate" time="0"/>
  <testcase classname="com.api.task.tests.PlanetApiTest" name="testToVerifyPlanetNameToClimate" time="0"/>
  <testcase classname="com.api.task.tests.PlanetApiTest" name="testToVerifyPlanetNameToClimate" time="0"/>
  <testcase classname="com.api.task.tests.PlanetApiTest" name="testToVerifyPlanetNameToClimate" time="0"/>
  <testcase classname="com.api.task.tests.PlanetApiTest" name="testToVerifyPlanetNameToClimate" time="0"/>
  <testcase classname="com.api.task.tests.PlanetApiTest" name="testToVerifyPlanetNameToClimate" time="0"/>
  <testcase classname="com.api.task.tests.PlanetApiTest" name="testToVerifyPlanetNameToClimate" time="0"/>
  <testcase classname="com.api.task.tests.PlanetApiTest" name="testToVerifyPlanetNameToClimate" time="0"/>
  <testcase classname="com.api.task.tests.PlanetApiTest" name="testToVerifyPlanetNameToClimate" time="0.001"/>
  <testcase classname="com.api.task.tests.PlanetApiTest" name="testToVerifyPlanetNameToClimate" time="0"/>
  <testcase classname="com.api.task.tests.PlanetApiTest" name="testToVerifyPlanetNameToClimate" time="0"/>
  <testcase classname="com.api.task.tests.PlanetApiTest" name="testToVerifyPlanetNameToClimate" time="0"/>
  <testcase classname="com.api.task.tests.PlanetApiTest" name="testToVerifyPlanetNameToClimate" time="0"/>
  <testcase classname="com.api.task.tests.PlanetApiTest" name="testToVerifyPlanetNameToClimate" time="0"/>
  <testcase classname="com.api.task.tests.PlanetApiTest" name="testToVerifyPlanetNameToClimate" time="0"/>
  <testcase classname="com.api.task.tests.PlanetApiTest" name="testToVerifyPlanetNameToClimate" time="0"/>
  <testcase classname="com.api.task.tests.PlanetApiTest" name="testToVerifyPlanetNameToClimate" time="0"/>
  <testcase classname="com.api.task.tests.PlanetApiTest" name="testToVerifyPlanetNameToClimate" time="0.002"/>
  <testcase classname="com.api.task.tests.PlanetApiTest" name="testToVerifyPlanetNameToClimate" time="0"/>
  <testcase classname="com.api.task.tests.PlanetApiTest" name="testToVerifyPlanetNameToDiameter" time="0"/>
  <testcase classname="com.api.task.tests.PlanetApiTest" name="testToVerifyPlanetNameToDiameter" time="0"/>
  <testcase classname="com.api.task.tests.PlanetApiTest" name="testToVerifyPlanetNameToDiameter" time="0"/>
  <testcase classname="com.api.task.tests.PlanetApiTest" name="testToVerifyPlanetNameToDiameter" time="0"/>
  <testcase classname="com.api.task.tests.PlanetApiTest" name="testToVerifyPlanetNameToDiameter" time="0.001"/>
  <testcase classname="com.api.task.tests.PlanetApiTest" name="testToVerifyPlanetNameToDiameter" time="0"/>
  <testcase classname="com.api.task.tests.PlanetApiTest" name="testToVerifyPlanetNameToDiameter" time="0.001"/>
  <testcase classname="com.api.task.tests.PlanetApiTest" name="testToVerifyPlanetNameToDiameter" time="0.001"/>
  <testcase classname="com.api.task.tests.PlanetApiTest" name="testToVerifyPlanetNameToDiameter" time="0"/>
  <testcase classname="com.api.task.tests.PlanetApiTest" name="testToVerifyPlanetNameToDiameter" time="0"/>
  <testcase classname="com.api.task.tests.PlanetApiTest" name="testToVerifyPlanetNameToDiameter" time="0"/>
  <testcase classname="com.api.task.tests.PlanetApiTest" name="testToVerifyPlanetNameToDiameter" time="0"/>
  <testcase classname="com.api.task.tests.PlanetApiTest" name="testToVerifyPlanetNameToDiameter" time="0"/>
  <testcase classname="com.api.task.tests.PlanetApiTest" name="testToVerifyPlanetNameToDiameter" time="0.001"/>
  <testcase classname="com.api.task.tests.PlanetApiTest" name="testToVerifyPlanetNameToDiameter" time="0"/>
  <testcase classname="com.api.task.tests.PlanetApiTest" name="testToVerifyPlanetNameToDiameter" time="0.001"/>
  <testcase classname="com.api.task.tests.PlanetApiTest" name="testToVerifyPlanetNameToDiameter" time="0"/>
  <testcase classname="com.api.task.tests.PlanetApiTest" name="testToVerifyPlanetNameToDiameter" time="0"/>
  <testcase classname="com.api.task.tests.PlanetApiTest" name="testToVerifyPlanetNameToDiameter" time="0"/>
  <testcase classname="com.api.task.tests.PlanetApiTest" name="testToVerifyPlanetNameToDiameter" time="0"/>
  <testcase classname="com.api.task.tests.PlanetApiTest" name="testToVerifyPlanetNameToDiameter" time="0"/>
  <testcase classname="com.api.task.tests.PlanetApiTest" name="testToVerifyPlanetNameToDiameter" time="0"/>
  <testcase classname="com.api.task.tests.PlanetApiTest" name="testToVerifyPlanetNameToDiameter" time="0"/>
  <testcase classname="com.api.task.tests.PlanetApiTest" name="testToVerifyPlanetNameToDiameter" time="0.001"/>
  <testcase classname="com.api.task.tests.PlanetApiTest" name="testToVerifyPlanetNameToDiameter" time="0"/>
  <testcase classname="com.api.task.tests.PlanetApiTest" name="testToVerifyPlanetNameToDiameter" time="0"/>
  <testcase classname="com.api.task.tests.PlanetApiTest" name="testToVerifyPlanetNameToDiameter" time="0.001"/>
  <testcase classname="com.api.task.tests.PlanetApiTest" name="testToVerifyPlanetNameToDiameter" time="0"/>
  <testcase classname="com.api.task.tests.PlanetApiTest" name="testToVerifyPlanetNameToDiameter" time="0"/>
  <testcase classname="com.api.task.tests.PlanetApiTest" name="testToVerifyPlanetNameToDiameter" time="0"/>
  <testcase classname="com.api.task.tests.PlanetApiTest" name="testToVerifyPlanetNameToDiameter" time="0"/>
  <testcase classname="com.api.task.tests.PlanetApiTest" name="testToVerifyPlanetNameToDiameter" time="0"/>
  <testcase classname="com.api.task.tests.PlanetApiTest" name="testToVerifyPlanetNameToDiameter" time="0.001"/>
  <testcase classname="com.api.task.tests.PlanetApiTest" name="testToVerifyPlanetNameToDiameter" time="0.001"/>
  <testcase classname="com.api.task.tests.PlanetApiTest" name="testToVerifyPlanetNameToDiameter" time="0"/>
  <testcase classname="com.api.task.tests.PlanetApiTest" name="testToVerifyPlanetNameToDiameter" time="0"/>
  <testcase classname="com.api.task.tests.PlanetApiTest" name="testToVerifyPlanetNameToDiameter" time="0"/>
  <testcase classname="com.api.task.tests.PlanetApiTest" name="testToVerifyPlanetNameToDiameter" time="0"/>
  <testcase classname="com.api.task.tests.PlanetApiTest" name="testToVerifyPlanetNameToDiameter" time="0"/>
  <testcase classname="com.api.task.tests.PlanetApiTest" name="testToVerifyPlanetNameToDiameter" time="0.002"/>
  <testcase classname="com.api.task.tests.PlanetApiTest" name="testToVerifyPlanetNameToDiameter" time="0"/>
  <testcase classname="com.api.task.tests.PlanetApiTest" name="testToVerifyPlanetNameToDiameter" time="0"/>
  <testcase classname="com.api.task.tests.PlanetApiTest" name="testToVerifyPlanetNameToDiameter" time="0"/>
  <testcase classname="com.api.task.tests.PlanetApiTest" name="testToVerifyPlanetNameToDiameter" time="0"/>
  <testcase classname="com.api.task.tests.PlanetApiTest" name="testToVerifyPlanetNameToDiameter" time="0"/>
  <testcase classname="com.api.task.tests.PlanetApiTest" name="testToVerifyPlanetNameToDiameter" time="0"/>
  <testcase classname="com.api.task.tests.PlanetApiTest" name="testToVerifyPlanetNameToDiameter" time="0"/>
  <testcase classname="com.api.task.tests.PlanetApiTest" name="testToVerifyPlanetNameToDiameter" time="0"/>
  <testcase classname="com.api.task.tests.PlanetApiTest" name="testToVerifyPlanetNameToDiameter" time="0"/>
  <testcase classname="com.api.task.tests.PlanetApiTest" name="testToVerifyPlanetNameToDiameter" time="0"/>
  <testcase classname="com.api.task.tests.PlanetApiTest" name="testToVerifyPlanetNameToDiameter" time="0"/>
  <testcase classname="com.api.task.tests.PlanetApiTest" name="testToVerifyPlanetNameToDiameter" time="0"/>
  <testcase classname="com.api.task.tests.PlanetApiTest" name="testToVerifyPlanetNameToDiameter" time="0.001"/>
  <testcase classname="com.api.task.tests.PlanetApiTest" name="testToVerifyPlanetNameToDiameter" time="0"/>
  <testcase classname="com.api.task.tests.PlanetApiTest" name="testToVerifyPlanetNameToDiameter" time="0"/>
  <testcase classname="com.api.task.tests.PlanetApiTest" name="testToVerifyPlanetNameToDiameter" time="0"/>
  <testcase classname="com.api.task.tests.PlanetApiTest" name="testToVerifyPlanetNameToDiameter" time="0"/>
  <testcase classname="com.api.task.tests.PlanetApiTest" name="testToVerifyPlanetNameToDiameter" time="0"/>
  <testcase classname="com.api.task.tests.PlanetApiTest" name="testToVerifyPlanetNameToDiameter" time="0"/>
  <testcase classname="com.api.task.tests.PlanetApiTest" name="testToVerifyPlanetNameToDiameter" time="0"/>
  <testcase classname="com.api.task.tests.PlanetApiTest" name="testToVerifyPlanetNameToDiameter" time="0"/>
  <testcase classname="com.api.task.tests.PlanetApiTest" name="testToVerifyPlanetNameToGravity" time="0.001"/>
  <testcase classname="com.api.task.tests.PlanetApiTest" name="testToVerifyPlanetNameToGravity" time="0"/>
  <testcase classname="com.api.task.tests.PlanetApiTest" name="testToVerifyPlanetNameToGravity" time="0"/>
  <testcase classname="com.api.task.tests.PlanetApiTest" name="testToVerifyPlanetNameToGravity" time="0"/>
  <testcase classname="com.api.task.tests.PlanetApiTest" name="testToVerifyPlanetNameToGravity" time="0.001"/>
  <testcase classname="com.api.task.tests.PlanetApiTest" name="testToVerifyPlanetNameToGravity" time="0"/>
  <testcase classname="com.api.task.tests.PlanetApiTest" name="testToVerifyPlanetNameToGravity" time="0"/>
  <testcase classname="com.api.task.tests.PlanetApiTest" name="testToVerifyPlanetNameToGravity" time="0.001"/>
  <testcase classname="com.api.task.tests.PlanetApiTest" name="testToVerifyPlanetNameToGravity" time="0"/>
  <testcase classname="com.api.task.tests.PlanetApiTest" name="testToVerifyPlanetNameToGravity" time="0"/>
  <testcase classname="com.api.task.tests.PlanetApiTest" name="testToVerifyPlanetNameToGravity" time="0.001"/>
  <testcase classname="com.api.task.tests.PlanetApiTest" name="testToVerifyPlanetNameToGravity" time="0"/>
  <testcase classname="com.api.task.tests.PlanetApiTest" name="testToVerifyPlanetNameToGravity" time="0"/>
  <testcase classname="com.api.task.tests.PlanetApiTest" name="testToVerifyPlanetNameToGravity" time="0.001"/>
  <testcase classname="com.api.task.tests.PlanetApiTest" name="testToVerifyPlanetNameToGravity" time="0"/>
  <testcase classname="com.api.task.tests.PlanetApiTest" name="testToVerifyPlanetNameToGravity" time="0"/>
  <testcase classname="com.api.task.tests.PlanetApiTest" name="testToVerifyPlanetNameToGravity" time="0"/>
  <testcase classname="com.api.task.tests.PlanetApiTest" name="testToVerifyPlanetNameToGravity" time="0.001"/>
  <testcase classname="com.api.task.tests.PlanetApiTest" name="testToVerifyPlanetNameToGravity" time="0"/>
  <testcase classname="com.api.task.tests.PlanetApiTest" name="testToVerifyPlanetNameToGravity" time="0"/>
  <testcase classname="com.api.task.tests.PlanetApiTest" name="testToVerifyPlanetNameToGravity" time="0"/>
  <testcase classname="com.api.task.tests.PlanetApiTest" name="testToVerifyPlanetNameToGravity" time="0.001"/>
  <testcase classname="com.api.task.tests.PlanetApiTest" name="testToVerifyPlanetNameToGravity" time="0"/>
  <testcase classname="com.api.task.tests.PlanetApiTest" name="testToVerifyPlanetNameToGravity" time="0"/>
  <testcase classname="com.api.task.tests.PlanetApiTest" name="testToVerifyPlanetNameToGravity" time="0"/>
  <testcase classname="com.api.task.tests.PlanetApiTest" name="testToVerifyPlanetNameToGravity" time="0.001"/>
  <testcase classname="com.api.task.tests.PlanetApiTest" name="testToVerifyPlanetNameToGravity" time="0"/>
  <testcase classname="com.api.task.tests.PlanetApiTest" name="testToVerifyPlanetNameToGravity" time="0"/>
  <testcase classname="com.api.task.tests.PlanetApiTest" name="testToVerifyPlanetNameToGravity" time="0"/>
  <testcase classname="com.api.task.tests.PlanetApiTest" name="testToVerifyPlanetNameToGravity" time="0"/>
  <testcase classname="com.api.task.tests.PlanetApiTest" name="testToVerifyPlanetNameToGravity" time="0"/>
  <testcase classname="com.api.task.tests.PlanetApiTest" name="testToVerifyPlanetNameToGravity" time="0"/>
  <testcase classname="com.api.task.tests.PlanetApiTest" name="testToVerifyPlanetNameToGravity" time="0"/>
  <testcase classname="com.api.task.tests.PlanetApiTest" name="testToVerifyPlanetNameToGravity" time="0.001"/>
  <testcase classname="com.api.task.tests.PlanetApiTest" name="testToVerifyPlanetNameToGravity" time="0"/>
  <testcase classname="com.api.task.tests.PlanetApiTest" name="testToVerifyPlanetNameToGravity" time="0"/>
  <testcase classname="com.api.task.tests.PlanetApiTest" name="testToVerifyPlanetNameToGravity" time="0"/>
  <testcase classname="com.api.task.tests.PlanetApiTest" name="testToVerifyPlanetNameToGravity" time="0.001"/>
  <testcase classname="com.api.task.tests.PlanetApiTest" name="testToVerifyPlanetNameToGravity" time="0"/>
  <testcase classname="com.api.task.tests.PlanetApiTest" name="testToVerifyPlanetNameToGravity" time="0"/>
  <testcase classname="com.api.task.tests.PlanetApiTest" name="testToVerifyPlanetNameToGravity" time="0"/>
  <testcase classname="com.api.task.tests.PlanetApiTest" name="testToVerifyPlanetNameToGravity" time="0"/>
  <testcase classname="com.api.task.tests.PlanetApiTest" name="testToVerifyPlanetNameToGravity" time="0"/>
  <testcase classname="com.api.task.tests.PlanetApiTest" name="testToVerifyPlanetNameToGravity" time="0"/>
  <testcase classname="com.api.task.tests.PlanetApiTest" name="testToVerifyPlanetNameToGravity" time="0.001"/>
  <testcase classname="com.api.task.tests.PlanetApiTest" name="testToVerifyPlanetNameToGravity" time="0"/>
  <testcase classname="com.api.task.tests.PlanetApiTest" name="testToVerifyPlanetNameToGravity" time="0"/>
  <testcase classname="com.api.task.tests.PlanetApiTest" name="testToVerifyPlanetNameToGravity" time="0"/>
  <testcase classname="com.api.task.tests.PlanetApiTest" name="testToVerifyPlanetNameToGravity" time="0.001"/>
  <testcase classname="com.api.task.tests.PlanetApiTest" name="testToVerifyPlanetNameToGravity" time="0"/>
  <testcase classname="com.api.task.tests.PlanetApiTest" name="testToVerifyPlanetNameToGravity" time="0"/>
  <testcase classname="com.api.task.tests.PlanetApiTest" name="testToVerifyPlanetNameToGravity" time="0"/>
  <testcase classname="com.api.task.tests.PlanetApiTest" name="testToVerifyPlanetNameToGravity" time="0"/>
  <testcase classname="com.api.task.tests.PlanetApiTest" name="testToVerifyPlanetNameToGravity" time="0"/>
  <testcase classname="com.api.task.tests.PlanetApiTest" name="testToVerifyPlanetNameToGravity" time="0"/>
  <testcase classname="com.api.task.tests.PlanetApiTest" name="testToVerifyPlanetNameToGravity" time="0"/>
  <testcase classname="com.api.task.tests.PlanetApiTest" name="testToVerifyPlanetNameToGravity" time="0"/>
  <testcase classname="com.api.task.tests.PlanetApiTest" name="testToVerifyPlanetNameToGravity" time="0"/>
  <testcase classname="com.api.task.tests.PlanetApiTest" name="testToVerifyPlanetNameToGravity" time="0.001"/>
  <testcase classname="com.api.task.tests.PlanetApiTest" name="testToVerifyPlanetNameToGravity" time="0"/>
  <testcase classname="com.api.task.tests.PlanetApiTest" name="testToVerifyPlanetNameToGravity" time="0"/>
  <testcase classname="com.api.task.tests.PlanetApiTest" name="testToVerifyPlanetNameToPopulation" time="0"/>
  <testcase classname="com.api.task.tests.PlanetApiTest" name="testToVerifyPlanetNameToPopulation" time="0"/>
  <testcase classname="com.api.task.tests.PlanetApiTest" name="testToVerifyPlanetNameToPopulation" time="0.001"/>
  <testcase classname="com.api.task.tests.PlanetApiTest" name="testToVerifyPlanetNameToPopulation" time="0"/>
  <testcase classname="com.api.task.tests.PlanetApiTest" name="testToVerifyPlanetNameToPopulation" time="0"/>
  <testcase classname="com.api.task.tests.PlanetApiTest" name="testToVerifyPlanetNameToPopulation" time="0"/>
  <testcase classname="com.api.task.tests.PlanetApiTest" name="testToVerifyPlanetNameToPopulation" time="0"/>
  <testcase classname="com.api.task.tests.PlanetApiTest" name="testToVerifyPlanetNameToPopulation" time="0.001"/>
  <testcase classname="com.api.task.tests.PlanetApiTest" name="testToVerifyPlanetNameToPopulation" time="0"/>
  <testcase classname="com.api.task.tests.PlanetApiTest" name="testToVerifyPlanetNameToPopulation" time="0"/>
  <testcase classname="com.api.task.tests.PlanetApiTest" name="testToVerifyPlanetNameToPopulation" time="0"/>
  <testcase classname="com.api.task.tests.PlanetApiTest" name="testToVerifyPlanetNameToPopulation" time="0"/>
  <testcase classname="com.api.task.tests.PlanetApiTest" name="testToVerifyPlanetNameToPopulation" time="0"/>
  <testcase classname="com.api.task.tests.PlanetApiTest" name="testToVerifyPlanetNameToPopulation" time="0"/>
  <testcase classname="com.api.task.tests.PlanetApiTest" name="testToVerifyPlanetNameToPopulation" time="0"/>
  <testcase classname="com.api.task.tests.PlanetApiTest" name="testToVerifyPlanetNameToPopulation" time="0.001"/>
  <testcase classname="com.api.task.tests.PlanetApiTest" name="testToVerifyPlanetNameToPopulation" time="0"/>
  <testcase classname="com.api.task.tests.PlanetApiTest" name="testToVerifyPlanetNameToPopulation" time="0"/>
  <testcase classname="com.api.task.tests.PlanetApiTest" name="testToVerifyPlanetNameToPopulation" time="0"/>
  <testcase classname="com.api.task.tests.PlanetApiTest" name="testToVerifyPlanetNameToPopulation" time="0"/>
  <testcase classname="com.api.task.tests.PlanetApiTest" name="testToVerifyPlanetNameToPopulation" time="0"/>
  <testcase classname="com.api.task.tests.PlanetApiTest" name="testToVerifyPlanetNameToPopulation" time="0"/>
  <testcase classname="com.api.task.tests.PlanetApiTest" name="testToVerifyPlanetNameToPopulation" time="0"/>
  <testcase classname="com.api.task.tests.PlanetApiTest" name="testToVerifyPlanetNameToPopulation" time="0"/>
  <testcase classname="com.api.task.tests.PlanetApiTest" name="testToVerifyPlanetNameToPopulation" time="0"/>
  <testcase classname="com.api.task.tests.PlanetApiTest" name="testToVerifyPlanetNameToPopulation" time="0"/>
  <testcase classname="com.api.task.tests.PlanetApiTest" name="testToVerifyPlanetNameToPopulation" time="0"/>
  <testcase classname="com.api.task.tests.PlanetApiTest" name="testToVerifyPlanetNameToPopulation" time="0"/>
  <testcase classname="com.api.task.tests.PlanetApiTest" name="testToVerifyPlanetNameToPopulation" time="0"/>
  <testcase classname="com.api.task.tests.PlanetApiTest" name="testToVerifyPlanetNameToPopulation" time="0"/>
  <testcase classname="com.api.task.tests.PlanetApiTest" name="testToVerifyPlanetNameToPopulation" time="0"/>
  <testcase classname="com.api.task.tests.PlanetApiTest" name="testToVerifyPlanetNameToPopulation" time="0"/>
  <testcase classname="com.api.task.tests.PlanetApiTest" name="testToVerifyPlanetNameToPopulation" time="0"/>
  <testcase classname="com.api.task.tests.PlanetApiTest" name="testToVerifyPlanetNameToPopulation" time="0"/>
  <testcase classname="com.api.task.tests.PlanetApiTest" name="testToVerifyPlanetNameToPopulation" time="0.002"/>
  <testcase classname="com.api.task.tests.PlanetApiTest" name="testToVerifyPlanetNameToPopulation" time="0"/>
  <testcase classname="com.api.task.tests.PlanetApiTest" name="testToVerifyPlanetNameToPopulation" time="0"/>
  <testcase classname="com.api.task.tests.PlanetApiTest" name="testToVerifyPlanetNameToPopulation" time="0"/>
  <testcase classname="com.api.task.tests.PlanetApiTest" name="testToVerifyPlanetNameToPopulation" time="0"/>
  <testcase classname="com.api.task.tests.PlanetApiTest" name="testToVerifyPlanetNameToPopulation" time="0"/>
  <testcase classname="com.api.task.tests.PlanetApiTest" name="testToVerifyPlanetNameToPopulation" time="0"/>
  <testcase classname="com.api.task.tests.PlanetApiTest" name="testToVerifyPlanetNameToPopulation" time="0"/>
  <testcase classname="com.api.task.tests.PlanetApiTest" name="testToVerifyPlanetNameToPopulation" time="0"/>
  <testcase classname="com.api.task.tests.PlanetApiTest" name="testToVerifyPlanetNameToPopulation" time="0"/>
  <testcase classname="com.api.task.tests.PlanetApiTest" name="testToVerifyPlanetNameToPopulation" time="0"/>
  <testcase classname="com.api.task.tests.PlanetApiTest" name="testToVerifyPlanetNameToPopulation" time="0"/>
  <testcase classname="com.api.task.tests.PlanetApiTest" name="testToVerifyPlanetNameToPopulation" time="0"/>
  <testcase classname="com.api.task.tests.PlanetApiTest" name="testToVerifyPlanetNameToPopulation" time="0"/>
  <testcase classname="com.api.task.tests.PlanetApiTest" name="testToVerifyPlanetNameToPopulation" time="0"/>
  <testcase classname="com.api.task.tests.PlanetApiTest" name="testToVerifyPlanetNameToPopulation" time="0"/>
  <testcase classname="com.api.task.tests.PlanetApiTest" name="testToVerifyPlanetNameToPopulation" time="0"/>
  <testcase classname="com.api.task.tests.PlanetApiTest" name="testToVerifyPlanetNameToPopulation" time="0"/>
  <testcase classname="com.api.task.tests.PlanetApiTest" name="testToVerifyPlanetNameToPopulation" time="0"/>
  <testcase classname="com.api.task.tests.PlanetApiTest" name="testToVerifyPlanetNameToPopulation" time="0"/>
  <testcase classname="com.api.task.tests.PlanetApiTest" name="testToVerifyPlanetNameToPopulation" time="0.001"/>
  <testcase classname="com.api.task.tests.PlanetApiTest" name="testToVerifyPlanetNameToPopulation" time="0"/>
  <testcase classname="com.api.task.tests.PlanetApiTest" name="testToVerifyPlanetNameToPopulation" time="0"/>
  <testcase classname="com.api.task.tests.PlanetApiTest" name="testToVerifyPlanetNameToPopulation" time="0"/>
  <testcase classname="com.api.task.tests.PlanetApiTest" name="testToVerifyPlanetNameToPopulation" time="0"/>
  <testcase classname="com.api.task.tests.PlanetApiTest" name="testToVerifyPlanetNameToPopulation" time="0.001"/>
  <testcase classname="com.api.task.tests.PlanetApiTest" name="testToVerifyPlanetNameToPopulation" time="0"/>
  <testcase classname="com.api.task.tests.PlanetApiTest" name="testToVerifyPlanetNameToRotationPeriod" time="0.001"/>
  <testcase classname="com.api.task.tests.PlanetApiTest" name="testToVerifyPlanetNameToRotationPeriod" time="0"/>
  <testcase classname="com.api.task.tests.PlanetApiTest" name="testToVerifyPlanetNameToRotationPeriod" time="0"/>
  <testcase classname="com.api.task.tests.PlanetApiTest" name="testToVerifyPlanetNameToRotationPeriod" time="0"/>
  <testcase classname="com.api.task.tests.PlanetApiTest" name="testToVerifyPlanetNameToRotationPeriod" time="0.001"/>
  <testcase classname="com.api.task.tests.PlanetApiTest" name="testToVerifyPlanetNameToRotationPeriod" time="0"/>
  <testcase classname="com.api.task.tests.PlanetApiTest" name="testToVerifyPlanetNameToRotationPeriod" time="0"/>
  <testcase classname="com.api.task.tests.PlanetApiTest" name="testToVerifyPlanetNameToRotationPeriod" time="0"/>
  <testcase classname="com.api.task.tests.PlanetApiTest" name="testToVerifyPlanetNameToRotationPeriod" time="0"/>
  <testcase classname="com.api.task.tests.PlanetApiTest" name="testToVerifyPlanetNameToRotationPeriod" time="0.001"/>
  <testcase classname="com.api.task.tests.PlanetApiTest" name="testToVerifyPlanetNameToRotationPeriod" time="0"/>
  <testcase classname="com.api.task.tests.PlanetApiTest" name="testToVerifyPlanetNameToRotationPeriod" time="0"/>
  <testcase classname="com.api.task.tests.PlanetApiTest" name="testToVerifyPlanetNameToRotationPeriod" time="0"/>
  <testcase classname="com.api.task.tests.PlanetApiTest" name="testToVerifyPlanetNameToRotationPeriod" time="0"/>
  <testcase classname="com.api.task.tests.PlanetApiTest" name="testToVerifyPlanetNameToRotationPeriod" time="0"/>
  <testcase classname="com.api.task.tests.PlanetApiTest" name="testToVerifyPlanetNameToRotationPeriod" time="0"/>
  <testcase classname="com.api.task.tests.PlanetApiTest" name="testToVerifyPlanetNameToRotationPeriod" time="0"/>
  <testcase classname="com.api.task.tests.PlanetApiTest" name="testToVerifyPlanetNameToRotationPeriod" time="0"/>
  <testcase classname="com.api.task.tests.PlanetApiTest" name="testToVerifyPlanetNameToRotationPeriod" time="0"/>
  <testcase classname="com.api.task.tests.PlanetApiTest" name="testToVerifyPlanetNameToRotationPeriod" time="0"/>
  <testcase classname="com.api.task.tests.PlanetApiTest" name="testToVerifyPlanetNameToRotationPeriod" time="0"/>
  <testcase classname="com.api.task.tests.PlanetApiTest" name="testToVerifyPlanetNameToRotationPeriod" time="0"/>
  <testcase classname="com.api.task.tests.PlanetApiTest" name="testToVerifyPlanetNameToRotationPeriod" time="0"/>
  <testcase classname="com.api.task.tests.PlanetApiTest" name="testToVerifyPlanetNameToRotationPeriod" time="0.001"/>
  <testcase classname="com.api.task.tests.PlanetApiTest" name="testToVerifyPlanetNameToRotationPeriod" time="0"/>
  <testcase classname="com.api.task.tests.PlanetApiTest" name="testToVerifyPlanetNameToRotationPeriod" time="0"/>
  <testcase classname="com.api.task.tests.PlanetApiTest" name="testToVerifyPlanetNameToRotationPeriod" time="0"/>
  <testcase classname="com.api.task.tests.PlanetApiTest" name="testToVerifyPlanetNameToRotationPeriod" time="0"/>
  <testcase classname="com.api.task.tests.PlanetApiTest" name="testToVerifyPlanetNameToRotationPeriod" time="0.001"/>
  <testcase classname="com.api.task.tests.PlanetApiTest" name="testToVerifyPlanetNameToRotationPeriod" time="0"/>
  <testcase classname="com.api.task.tests.PlanetApiTest" name="testToVerifyPlanetNameToRotationPeriod" time="0"/>
  <testcase classname="com.api.task.tests.PlanetApiTest" name="testToVerifyPlanetNameToRotationPeriod" time="0"/>
  <testcase classname="com.api.task.tests.PlanetApiTest" name="testToVerifyPlanetNameToRotationPeriod" time="0"/>
  <testcase classname="com.api.task.tests.PlanetApiTest" name="testToVerifyPlanetNameToRotationPeriod" time="0"/>
  <testcase classname="com.api.task.tests.PlanetApiTest" name="testToVerifyPlanetNameToRotationPeriod" time="0.001"/>
  <testcase classname="com.api.task.tests.PlanetApiTest" name="testToVerifyPlanetNameToRotationPeriod" time="0"/>
  <testcase classname="com.api.task.tests.PlanetApiTest" name="testToVerifyPlanetNameToRotationPeriod" time="0"/>
  <testcase classname="com.api.task.tests.PlanetApiTest" name="testToVerifyPlanetNameToRotationPeriod" time="0"/>
  <testcase classname="com.api.task.tests.PlanetApiTest" name="testToVerifyPlanetNameToRotationPeriod" time="0"/>
  <testcase classname="com.api.task.tests.PlanetApiTest" name="testToVerifyPlanetNameToRotationPeriod" time="0.001"/>
  <testcase classname="com.api.task.tests.PlanetApiTest" name="testToVerifyPlanetNameToRotationPeriod" time="0"/>
  <testcase classname="com.api.task.tests.PlanetApiTest" name="testToVerifyPlanetNameToRotationPeriod" time="0"/>
  <testcase classname="com.api.task.tests.PlanetApiTest" name="testToVerifyPlanetNameToRotationPeriod" time="0"/>
  <testcase classname="com.api.task.tests.PlanetApiTest" name="testToVerifyPlanetNameToRotationPeriod" time="0"/>
  <testcase classname="com.api.task.tests.PlanetApiTest" name="testToVerifyPlanetNameToRotationPeriod" time="0"/>
  <testcase classname="com.api.task.tests.PlanetApiTest" name="testToVerifyPlanetNameToRotationPeriod" time="0"/>
  <testcase classname="com.api.task.tests.PlanetApiTest" name="testToVerifyPlanetNameToRotationPeriod" time="0"/>
  <testcase classname="com.api.task.tests.PlanetApiTest" name="testToVerifyPlanetNameToRotationPeriod" time="0"/>
  <testcase classname="com.api.task.tests.PlanetApiTest" name="testToVerifyPlanetNameToRotationPeriod" time="0"/>
  <testcase classname="com.api.task.tests.PlanetApiTest" name="testToVerifyPlanetNameToRotationPeriod" time="0"/>
  <testcase classname="com.api.task.tests.PlanetApiTest" name="testToVerifyPlanetNameToRotationPeriod" time="0"/>
  <testcase classname="com.api.task.tests.PlanetApiTest" name="testToVerifyPlanetNameToRotationPeriod" time="0"/>
  <testcase classname="com.api.task.tests.PlanetApiTest" name="testToVerifyPlanetNameToRotationPeriod" time="0"/>
  <testcase classname="com.api.task.tests.PlanetApiTest" name="testToVerifyPlanetNameToRotationPeriod" time="0"/>
  <testcase classname="com.api.task.tests.PlanetApiTest" name="testToVerifyPlanetNameToRotationPeriod" time="0"/>
  <testcase classname="com.api.task.tests.PlanetApiTest" name="testToVerifyPlanetNameToRotationPeriod" time="0"/>
  <testcase classname="com.api.task.tests.PlanetApiTest" name="testToVerifyPlanetNameToRotationPeriod" time="0"/>
  <testcase classname="com.api.task.tests.PlanetApiTest" name="testToVerifyPlanetNameToRotationPeriod" time="0"/>
  <testcase classname="com.api.task.tests.PlanetApiTest" name="testToVerifyPlanetNameToRotationPeriod" time="0"/>
  <testcase classname="com.api.task.tests.PlanetApiTest" name="testToVerifyPlanetNameToRotationPeriod" time="0.001"/>
  <testcase classname="com.api.task.tests.PlanetApiTest" name="testToVerifyPlanetNameToRotationPeriod" time="0"/>
  <testcase classname="com.api.task.tests.PlanetApiTest" name="testToVerifyPlanetNameToSurfaceWater" time="0"/>
  <testcase classname="com.api.task.tests.PlanetApiTest" name="testToVerifyPlanetNameToSurfaceWater" time="0"/>
  <testcase classname="com.api.task.tests.PlanetApiTest" name="testToVerifyPlanetNameToSurfaceWater" time="0"/>
  <testcase classname="com.api.task.tests.PlanetApiTest" name="testToVerifyPlanetNameToSurfaceWater" time="0"/>
  <testcase classname="com.api.task.tests.PlanetApiTest" name="testToVerifyPlanetNameToSurfaceWater" time="0"/>
  <testcase classname="com.api.task.tests.PlanetApiTest" name="testToVerifyPlanetNameToSurfaceWater" time="0"/>
  <testcase classname="com.api.task.tests.PlanetApiTest" name="testToVerifyPlanetNameToSurfaceWater" time="0"/>
  <testcase classname="com.api.task.tests.PlanetApiTest" name="testToVerifyPlanetNameToSurfaceWater" time="0"/>
  <testcase classname="com.api.task.tests.PlanetApiTest" name="testToVerifyPlanetNameToSurfaceWater" time="0"/>
  <testcase classname="com.api.task.tests.PlanetApiTest" name="testToVerifyPlanetNameToSurfaceWater" time="0"/>
  <testcase classname="com.api.task.tests.PlanetApiTest" name="testToVerifyPlanetNameToSurfaceWater" time="0"/>
  <testcase classname="com.api.task.tests.PlanetApiTest" name="testToVerifyPlanetNameToSurfaceWater" time="0"/>
  <testcase classname="com.api.task.tests.PlanetApiTest" name="testToVerifyPlanetNameToSurfaceWater" time="0.001"/>
  <testcase classname="com.api.task.tests.PlanetApiTest" name="testToVerifyPlanetNameToSurfaceWater" time="0"/>
  <testcase classname="com.api.task.tests.PlanetApiTest" name="testToVerifyPlanetNameToSurfaceWater" time="0"/>
  <testcase classname="com.api.task.tests.PlanetApiTest" name="testToVerifyPlanetNameToSurfaceWater" time="0.001"/>
  <testcase classname="com.api.task.tests.PlanetApiTest" name="testToVerifyPlanetNameToSurfaceWater" time="0"/>
  <testcase classname="com.api.task.tests.PlanetApiTest" name="testToVerifyPlanetNameToSurfaceWater" time="0"/>
  <testcase classname="com.api.task.tests.PlanetApiTest" name="testToVerifyPlanetNameToSurfaceWater" time="0"/>
  <testcase classname="com.api.task.tests.PlanetApiTest" name="testToVerifyPlanetNameToSurfaceWater" time="0"/>
  <testcase classname="com.api.task.tests.PlanetApiTest" name="testToVerifyPlanetNameToSurfaceWater" time="0"/>
  <testcase classname="com.api.task.tests.PlanetApiTest" name="testToVerifyPlanetNameToSurfaceWater" time="0"/>
  <testcase classname="com.api.task.tests.PlanetApiTest" name="testToVerifyPlanetNameToSurfaceWater" time="0"/>
  <testcase classname="com.api.task.tests.PlanetApiTest" name="testToVerifyPlanetNameToSurfaceWater" time="0.001"/>
  <testcase classname="com.api.task.tests.PlanetApiTest" name="testToVerifyPlanetNameToSurfaceWater" time="0"/>
  <testcase classname="com.api.task.tests.PlanetApiTest" name="testToVerifyPlanetNameToSurfaceWater" time="0"/>
  <testcase classname="com.api.task.tests.PlanetApiTest" name="testToVerifyPlanetNameToSurfaceWater" time="0"/>
  <testcase classname="com.api.task.tests.PlanetApiTest" name="testToVerifyPlanetNameToSurfaceWater" time="0"/>
  <testcase classname="com.api.task.tests.PlanetApiTest" name="testToVerifyPlanetNameToSurfaceWater" time="0"/>
  <testcase classname="com.api.task.tests.PlanetApiTest" name="testToVerifyPlanetNameToSurfaceWater" time="0"/>
  <testcase classname="com.api.task.tests.PlanetApiTest" name="testToVerifyPlanetNameToSurfaceWater" time="0"/>
  <testcase classname="com.api.task.tests.PlanetApiTest" name="testToVerifyPlanetNameToSurfaceWater" time="0"/>
  <testcase classname="com.api.task.tests.PlanetApiTest" name="testToVerifyPlanetNameToSurfaceWater" time="0"/>
  <testcase classname="com.api.task.tests.PlanetApiTest" name="testToVerifyPlanetNameToSurfaceWater" time="0"/>
  <testcase classname="com.api.task.tests.PlanetApiTest" name="testToVerifyPlanetNameToSurfaceWater" time="0"/>
  <testcase classname="com.api.task.tests.PlanetApiTest" name="testToVerifyPlanetNameToSurfaceWater" time="0"/>
  <testcase classname="com.api.task.tests.PlanetApiTest" name="testToVerifyPlanetNameToSurfaceWater" time="0"/>
  <testcase classname="com.api.task.tests.PlanetApiTest" name="testToVerifyPlanetNameToSurfaceWater" time="0"/>
  <testcase classname="com.api.task.tests.PlanetApiTest" name="testToVerifyPlanetNameToSurfaceWater" time="0"/>
  <testcase classname="com.api.task.tests.PlanetApiTest" name="testToVerifyPlanetNameToSurfaceWater" time="0.001"/>
  <testcase classname="com.api.task.tests.PlanetApiTest" name="testToVerifyPlanetNameToSurfaceWater" time="0"/>
  <testcase classname="com.api.task.tests.PlanetApiTest" name="testToVerifyPlanetNameToSurfaceWater" time="0"/>
  <testcase classname="com.api.task.tests.PlanetApiTest" name="testToVerifyPlanetNameToSurfaceWater" time="0"/>
  <testcase classname="com.api.task.tests.PlanetApiTest" name="testToVerifyPlanetNameToSurfaceWater" time="0"/>
  <testcase classname="com.api.task.tests.PlanetApiTest" name="testToVerifyPlanetNameToSurfaceWater" time="0"/>
  <testcase classname="com.api.task.tests.PlanetApiTest" name="testToVerifyPlanetNameToSurfaceWater" time="0"/>
  <testcase classname="com.api.task.tests.PlanetApiTest" name="testToVerifyPlanetNameToSurfaceWater" time="0"/>
  <testcase classname="com.api.task.tests.PlanetApiTest" name="testToVerifyPlanetNameToSurfaceWater" time="0"/>
  <testcase classname="com.api.task.tests.PlanetApiTest" name="testToVerifyPlanetNameToSurfaceWater" time="0"/>
  <testcase classname="com.api.task.tests.PlanetApiTest" name="testToVerifyPlanetNameToSurfaceWater" time="0"/>
  <testcase classname="com.api.task.tests.PlanetApiTest" name="testToVerifyPlanetNameToSurfaceWater" time="0"/>
  <testcase classname="com.api.task.tests.PlanetApiTest" name="testToVerifyPlanetNameToSurfaceWater" time="0"/>
  <testcase classname="com.api.task.tests.PlanetApiTest" name="testToVerifyPlanetNameToSurfaceWater" time="0"/>
  <testcase classname="com.api.task.tests.PlanetApiTest" name="testToVerifyPlanetNameToSurfaceWater" time="0"/>
  <testcase classname="com.api.task.tests.PlanetApiTest" name="testToVerifyPlanetNameToSurfaceWater" time="0"/>
  <testcase classname="com.api.task.tests.PlanetApiTest" name="testToVerifyPlanetNameToSurfaceWater" time="0"/>
  <testcase classname="com.api.task.tests.PlanetApiTest" name="testToVerifyPlanetNameToSurfaceWater" time="0"/>
  <testcase classname="com.api.task.tests.PlanetApiTest" name="testToVerifyPlanetNameToSurfaceWater" time="0"/>
  <testcase classname="com.api.task.tests.PlanetApiTest" name="testToVerifyPlanetNameToSurfaceWater" time="0"/>
  <testcase classname="com.api.task.tests.PlanetApiTest" name="testToVerifyPlanetNameToSurfaceWater" time="0"/>
  <testcase classname="com.api.task.tests.PlanetApiTest" name="testToVerifyPlanetNameToSurfaceWater" time="0"/>
  <testcase classname="com.api.task.tests.PlanetApiTest" name="testToVerifyPlanetNameToTerrain" time="0"/>
  <testcase classname="com.api.task.tests.PlanetApiTest" name="testToVerifyPlanetNameToTerrain" time="0"/>
  <testcase classname="com.api.task.tests.PlanetApiTest" name="testToVerifyPlanetNameToTerrain" time="0"/>
  <testcase classname="com.api.task.tests.PlanetApiTest" name="testToVerifyPlanetNameToTerrain" time="0.001"/>
  <testcase classname="com.api.task.tests.PlanetApiTest" name="testToVerifyPlanetNameToTerrain" time="0"/>
  <testcase classname="com.api.task.tests.PlanetApiTest" name="testToVerifyPlanetNameToTerrain" time="0"/>
  <testcase classname="com.api.task.tests.PlanetApiTest" name="testToVerifyPlanetNameToTerrain" time="0"/>
  <testcase classname="com.api.task.tests.PlanetApiTest" name="testToVerifyPlanetNameToTerrain" time="0"/>
  <testcase classname="com.api.task.tests.PlanetApiTest" name="testToVerifyPlanetNameToTerrain" time="0"/>
  <testcase classname="com.api.task.tests.PlanetApiTest" name="testToVerifyPlanetNameToTerrain" time="0.001"/>
  <testcase classname="com.api.task.tests.PlanetApiTest" name="testToVerifyPlanetNameToTerrain" time="0"/>
  <testcase classname="com.api.task.tests.PlanetApiTest" name="testToVerifyPlanetNameToTerrain" time="0"/>
  <testcase classname="com.api.task.tests.PlanetApiTest" name="testToVerifyPlanetNameToTerrain" time="0"/>
  <testcase classname="com.api.task.tests.PlanetApiTest" name="testToVerifyPlanetNameToTerrain" time="0"/>
  <testcase classname="com.api.task.tests.PlanetApiTest" name="testToVerifyPlanetNameToTerrain" time="0"/>
  <testcase classname="com.api.task.tests.PlanetApiTest" name="testToVerifyPlanetNameToTerrain" time="0"/>
  <testcase classname="com.api.task.tests.PlanetApiTest" name="testToVerifyPlanetNameToTerrain" time="0"/>
  <testcase classname="com.api.task.tests.PlanetApiTest" name="testToVerifyPlanetNameToTerrain" time="0"/>
  <testcase classname="com.api.task.tests.PlanetApiTest" name="testToVerifyPlanetNameToTerrain" time="0.001"/>
  <testcase classname="com.api.task.tests.PlanetApiTest" name="testToVerifyPlanetNameToTerrain" time="0"/>
  <testcase classname="com.api.task.tests.PlanetApiTest" name="testToVerifyPlanetNameToTerrain" time="0"/>
  <testcase classname="com.api.task.tests.PlanetApiTest" name="testToVerifyPlanetNameToTerrain" time="0"/>
  <testcase classname="com.api.task.tests.PlanetApiTest" name="testToVerifyPlanetNameToTerrain" time="0"/>
  <testcase classname="com.api.task.tests.PlanetApiTest" name="testToVerifyPlanetNameToTerrain" time="0"/>
  <testcase classname="com.api.task.tests.PlanetApiTest" name="testToVerifyPlanetNameToTerrain" time="0"/>
  <testcase classname="com.api.task.tests.PlanetApiTest" name="testToVerifyPlanetNameToTerrain" time="0"/>
  <testcase classname="com.api.task.tests.PlanetApiTest" name="testToVerifyPlanetNameToTerrain" time="0"/>
  <testcase classname="com.api.task.tests.PlanetApiTest" name="testToVerifyPlanetNameToTerrain" time="0"/>
  <testcase classname="com.api.task.tests.PlanetApiTest" name="testToVerifyPlanetNameToTerrain" time="0"/>
  <testcase classname="com.api.task.tests.PlanetApiTest" name="testToVerifyPlanetNameToTerrain" time="0.001"/>
  <testcase classname="com.api.task.tests.PlanetApiTest" name="testToVerifyPlanetNameToTerrain" time="0"/>
  <testcase classname="com.api.task.tests.PlanetApiTest" name="testToVerifyPlanetNameToTerrain" time="0"/>
  <testcase classname="com.api.task.tests.PlanetApiTest" name="testToVerifyPlanetNameToTerrain" time="0"/>
  <testcase classname="com.api.task.tests.PlanetApiTest" name="testToVerifyPlanetNameToTerrain" time="0"/>
  <testcase classname="com.api.task.tests.PlanetApiTest" name="testToVerifyPlanetNameToTerrain" time="0"/>
  <testcase classname="com.api.task.tests.PlanetApiTest" name="testToVerifyPlanetNameToTerrain" time="0"/>
  <testcase classname="com.api.task.tests.PlanetApiTest" name="testToVerifyPlanetNameToTerrain" time="0"/>
  <testcase classname="com.api.task.tests.PlanetApiTest" name="testToVerifyPlanetNameToTerrain" time="0"/>
  <testcase classname="com.api.task.tests.PlanetApiTest" name="testToVerifyPlanetNameToTerrain" time="0"/>
  <testcase classname="com.api.task.tests.PlanetApiTest" name="testToVerifyPlanetNameToTerrain" time="0"/>
  <testcase classname="com.api.task.tests.PlanetApiTest" name="testToVerifyPlanetNameToTerrain" time="0"/>
  <testcase classname="com.api.task.tests.PlanetApiTest" name="testToVerifyPlanetNameToTerrain" time="0"/>
  <testcase classname="com.api.task.tests.PlanetApiTest" name="testToVerifyPlanetNameToTerrain" time="0"/>
  <testcase classname="com.api.task.tests.PlanetApiTest" name="testToVerifyPlanetNameToTerrain" time="0"/>
  <testcase classname="com.api.task.tests.PlanetApiTest" name="testToVerifyPlanetNameToTerrain" time="0"/>
  <testcase classname="com.api.task.tests.PlanetApiTest" name="testToVerifyPlanetNameToTerrain" time="0"/>
  <testcase classname="com.api.task.tests.PlanetApiTest" name="testToVerifyPlanetNameToTerrain" time="0"/>
  <testcase classname="com.api.task.tests.PlanetApiTest" name="testToVerifyPlanetNameToTerrain" time="0"/>
  <testcase classname="com.api.task.tests.PlanetApiTest" name="testToVerifyPlanetNameToTerrain" time="0.001"/>
  <testcase classname="com.api.task.tests.PlanetApiTest" name="testToVerifyPlanetNameToTerrain" time="0"/>
  <testcase classname="com.api.task.tests.PlanetApiTest" name="testToVerifyPlanetNameToTerrain" time="0"/>
  <testcase classname="com.api.task.tests.PlanetApiTest" name="testToVerifyPlanetNameToTerrain" time="0"/>
  <testcase classname="com.api.task.tests.PlanetApiTest" name="testToVerifyPlanetNameToTerrain" time="0"/>
  <testcase classname="com.api.task.tests.PlanetApiTest" name="testToVerifyPlanetNameToTerrain" time="0.001"/>
  <testcase classname="com.api.task.tests.PlanetApiTest" name="testToVerifyPlanetNameToTerrain" time="0"/>
  <testcase classname="com.api.task.tests.PlanetApiTest" name="testToVerifyPlanetNameToTerrain" time="0"/>
  <testcase classname="com.api.task.tests.PlanetApiTest" name="testToVerifyPlanetNameToTerrain" time="0"/>
  <testcase classname="com.api.task.tests.PlanetApiTest" name="testToVerifyPlanetNameToTerrain" time="0"/>
  <testcase classname="com.api.task.tests.PlanetApiTest" name="testToVerifyPlanetNameToTerrain" time="0"/>
  <testcase classname="com.api.task.tests.PlanetApiTest" name="testToVerifyPlanetNameToTerrain" time="0"/>
  <testcase classname="com.api.task.tests.PlanetApiTest" name="testToVerifyPlanetNameToTerrain" time="0.001"/>
  <testcase classname="com.api.task.tests.PlanetApiTest" name="testToVerifyPlanetNameToUrl" time="0.001"/>
  <testcase classname="com.api.task.tests.PlanetApiTest" name="testToVerifyPlanetNameToUrl" time="0"/>
  <testcase classname="com.api.task.tests.PlanetApiTest" name="testToVerifyPlanetNameToUrl" time="0"/>
  <testcase classname="com.api.task.tests.PlanetApiTest" name="testToVerifyPlanetNameToUrl" time="0"/>
  <testcase classname="com.api.task.tests.PlanetApiTest" name="testToVerifyPlanetNameToUrl" time="0.001"/>
  <testcase classname="com.api.task.tests.PlanetApiTest" name="testToVerifyPlanetNameToUrl" time="0"/>
  <testcase classname="com.api.task.tests.PlanetApiTest" name="testToVerifyPlanetNameToUrl" time="0"/>
  <testcase classname="com.api.task.tests.PlanetApiTest" name="testToVerifyPlanetNameToUrl" time="0"/>
  <testcase classname="com.api.task.tests.PlanetApiTest" name="testToVerifyPlanetNameToUrl" time="0"/>
  <testcase classname="com.api.task.tests.PlanetApiTest" name="testToVerifyPlanetNameToUrl" time="0"/>
  <testcase classname="com.api.task.tests.PlanetApiTest" name="testToVerifyPlanetNameToUrl" time="0"/>
  <testcase classname="com.api.task.tests.PlanetApiTest" name="testToVerifyPlanetNameToUrl" time="0"/>
  <testcase classname="com.api.task.tests.PlanetApiTest" name="testToVerifyPlanetNameToUrl" time="0"/>
  <testcase classname="com.api.task.tests.PlanetApiTest" name="testToVerifyPlanetNameToUrl" time="0.001"/>
  <testcase classname="com.api.task.tests.PlanetApiTest" name="testToVerifyPlanetNameToUrl" time="0"/>
  <testcase classname="com.api.task.tests.PlanetApiTest" name="testToVerifyPlanetNameToUrl" time="0"/>
  <testcase classname="com.api.task.tests.PlanetApiTest" name="testToVerifyPlanetNameToUrl" time="0"/>
  <testcase classname="com.api.task.tests.PlanetApiTest" name="testToVerifyPlanetNameToUrl" time="0"/>
  <testcase classname="com.api.task.tests.PlanetApiTest" name="testToVerifyPlanetNameToUrl" time="0"/>
  <testcase classname="com.api.task.tests.PlanetApiTest" name="testToVerifyPlanetNameToUrl" time="0"/>
  <testcase classname="com.api.task.tests.PlanetApiTest" name="testToVerifyPlanetNameToUrl" time="0"/>
  <testcase classname="com.api.task.tests.PlanetApiTest" name="testToVerifyPlanetNameToUrl" time="0"/>
  <testcase classname="com.api.task.tests.PlanetApiTest" name="testToVerifyPlanetNameToUrl" time="0"/>
  <testcase classname="com.api.task.tests.PlanetApiTest" name="testToVerifyPlanetNameToUrl" time="0"/>
  <testcase classname="com.api.task.tests.PlanetApiTest" name="testToVerifyPlanetNameToUrl" time="0.001"/>
  <testcase classname="com.api.task.tests.PlanetApiTest" name="testToVerifyPlanetNameToUrl" time="0"/>
  <testcase classname="com.api.task.tests.PlanetApiTest" name="testToVerifyPlanetNameToUrl" time="0"/>
  <testcase classname="com.api.task.tests.PlanetApiTest" name="testToVerifyPlanetNameToUrl" time="0"/>
  <testcase classname="com.api.task.tests.PlanetApiTest" name="testToVerifyPlanetNameToUrl" time="0.001"/>
  <testcase classname="com.api.task.tests.PlanetApiTest" name="testToVerifyPlanetNameToUrl" time="0"/>
  <testcase classname="com.api.task.tests.PlanetApiTest" name="testToVerifyPlanetNameToUrl" time="0"/>
  <testcase classname="com.api.task.tests.PlanetApiTest" name="testToVerifyPlanetNameToUrl" time="0"/>
  <testcase classname="com.api.task.tests.PlanetApiTest" name="testToVerifyPlanetNameToUrl" time="0"/>
  <testcase classname="com.api.task.tests.PlanetApiTest" name="testToVerifyPlanetNameToUrl" time="0"/>
  <testcase classname="com.api.task.tests.PlanetApiTest" name="testToVerifyPlanetNameToUrl" time="0"/>
  <testcase classname="com.api.task.tests.PlanetApiTest" name="testToVerifyPlanetNameToUrl" time="0"/>
  <testcase classname="com.api.task.tests.PlanetApiTest" name="testToVerifyPlanetNameToUrl" time="0"/>
  <testcase classname="com.api.task.tests.PlanetApiTest" name="testToVerifyPlanetNameToUrl" time="0.001"/>
  <testcase classname="com.api.task.tests.PlanetApiTest" name="testToVerifyPlanetNameToUrl" time="0"/>
  <testcase classname="com.api.task.tests.PlanetApiTest" name="testToVerifyPlanetNameToUrl" time="0"/>
  <testcase classname="com.api.task.tests.PlanetApiTest" name="testToVerifyPlanetNameToUrl" time="0"/>
  <testcase classname="com.api.task.tests.PlanetApiTest" name="testToVerifyPlanetNameToUrl" time="0"/>
  <testcase classname="com.api.task.tests.PlanetApiTest" name="testToVerifyPlanetNameToUrl" time="0.001"/>
  <testcase classname="com.api.task.tests.PlanetApiTest" name="testToVerifyPlanetNameToUrl" time="0"/>
  <testcase classname="com.api.task.tests.PlanetApiTest" name="testToVerifyPlanetNameToUrl" time="0"/>
  <testcase classname="com.api.task.tests.PlanetApiTest" name="testToVerifyPlanetNameToUrl" time="0"/>
  <testcase classname="com.api.task.tests.PlanetApiTest" name="testToVerifyPlanetNameToUrl" time="0"/>
  <testcase classname="com.api.task.tests.PlanetApiTest" name="testToVerifyPlanetNameToUrl" time="0"/>
  <testcase classname="com.api.task.tests.PlanetApiTest" name="testToVerifyPlanetNameToUrl" time="0"/>
  <testcase classname="com.api.task.tests.PlanetApiTest" name="testToVerifyPlanetNameToUrl" time="0"/>
  <testcase classname="com.api.task.tests.PlanetApiTest" name="testToVerifyPlanetNameToUrl" time="0"/>
  <testcase classname="com.api.task.tests.PlanetApiTest" name="testToVerifyPlanetNameToUrl" time="0"/>
  <testcase classname="com.api.task.tests.PlanetApiTest" name="testToVerifyPlanetNameToUrl" time="0"/>
  <testcase classname="com.api.task.tests.PlanetApiTest" name="testToVerifyPlanetNameToUrl" time="0"/>
  <testcase classname="com.api.task.tests.PlanetApiTest" name="testToVerifyPlanetNameToUrl" time="0"/>
  <testcase classname="com.api.task.tests.PlanetApiTest" name="testToVerifyPlanetNameToUrl" time="0"/>
  <testcase classname="com.api.task.tests.PlanetApiTest" name="testToVerifyPlanetNameToUrl" time="0"/>
  <testcase classname="com.api.task.tests.PlanetApiTest" name="testToVerifyPlanetNameToUrl" time="0"/>
  <testcase classname="com.api.task.tests.PlanetApiTest" name="testToVerifyPlanetNameToUrl" time="0"/>
  <testcase classname="com.api.task.tests.PlanetApiTest" name="testToVerifyPlanetNameToUrl" time="0"/>
  <testcase classname="com.api.task.tests.PlanetApiTest" name="testToVerifyPlanetNameToUrl" time="0"/>
  <testcase classname="com.api.task.tests.PlanetApiTest" name="testToVerifyResponseForInvalidApiUrl" time="0.203"/>
  <testcase classname="com.api.task.tests.PlanetApiTest" name="testToVerifyStatusCodeForGetAllPlanetApi" time="0.006">
    <failure message="The following asserts failed:
	Response status code is not 200, instead 404 for API : https://swapi.co/api/planets expected [true] but found [false]" type="java.lang.AssertionError">java.lang.AssertionError: The following asserts failed:
	Response status code is not 200, instead 404 for API : https://swapi.co/api/planets expected [true] but found [false]
	at org.testng.asserts.SoftAssert.assertAll(SoftAssert.java:43)
	at com.api.task.tests.PlanetApiTest.testToVerifyStatusCodeForGetAllPlanetApi(PlanetApiTest.java:58)
</failure>
    <system-out>Step S1 to validate Status Code on API URLL : https://swapi.co/api/planets
</system-out>
  </testcase>
  <testcase classname="com.api.task.tests.PlanetApiByIdTest" name="testToVerifyApiResponseTimeForUrlById" time="0.267"/>
  <testcase classname="com.api.task.tests.PlanetApiByIdTest" name="testToVerifyApiResponseTimeForUrlById" time="0.188"/>
  <testcase classname="com.api.task.tests.PlanetApiByIdTest" name="testToVerifyApiResponseTimeForUrlById" time="0.199"/>
  <testcase classname="com.api.task.tests.PlanetApiByIdTest" name="testToVerifyApiResponseTimeForUrlById" time="0.213"/>
  <testcase classname="com.api.task.tests.PlanetApiByIdTest" name="testToVerifyApiResponseTimeForUrlById" time="0.175"/>
  <testcase classname="com.api.task.tests.PlanetApiByIdTest" name="testToVerifyApiResponseTimeForUrlById" time="0.259"/>
  <testcase classname="com.api.task.tests.PlanetApiByIdTest" name="testToVerifyApiResponseTimeForUrlById" time="0.338"/>
  <testcase classname="com.api.task.tests.PlanetApiByIdTest" name="testToVerifyApiResponseTimeForUrlById" time="0.243"/>
  <testcase classname="com.api.task.tests.PlanetApiByIdTest" name="testToVerifyApiResponseTimeForUrlById" time="0.226"/>
  <testcase classname="com.api.task.tests.PlanetApiByIdTest" name="testToVerifyApiResponseTimeForUrlById" time="0.191"/>
  <testcase classname="com.api.task.tests.PlanetApiByIdTest" name="testToVerifyApiResponseTimeForUrlById" time="0.261"/>
  <testcase classname="com.api.task.tests.PlanetApiByIdTest" name="testToVerifyApiResponseTimeForUrlById" time="0.218"/>
  <testcase classname="com.api.task.tests.PlanetApiByIdTest" name="testToVerifyApiResponseTimeForUrlById" time="0.255"/>
  <testcase classname="com.api.task.tests.PlanetApiByIdTest" name="testToVerifyApiResponseTimeForUrlById" time="0.221"/>
  <testcase classname="com.api.task.tests.PlanetApiByIdTest" name="testToVerifyApiResponseTimeForUrlById" time="0.213"/>
  <testcase classname="com.api.task.tests.PlanetApiByIdTest" name="testToVerifyApiResponseTimeForUrlById" time="0.178"/>
  <testcase classname="com.api.task.tests.PlanetApiByIdTest" name="testToVerifyApiResponseTimeForUrlById" time="0.227"/>
  <testcase classname="com.api.task.tests.PlanetApiByIdTest" name="testToVerifyApiResponseTimeForUrlById" time="0.388"/>
  <testcase classname="com.api.task.tests.PlanetApiByIdTest" name="testToVerifyApiResponseTimeForUrlById" time="0.243"/>
  <testcase classname="com.api.task.tests.PlanetApiByIdTest" name="testToVerifyApiResponseTimeForUrlById" time="0.354"/>
  <testcase classname="com.api.task.tests.PlanetApiByIdTest" name="testToVerifyApiResponseTimeForUrlById" time="0.198"/>
  <testcase classname="com.api.task.tests.PlanetApiByIdTest" name="testToVerifyApiResponseTimeForUrlById" time="0.293"/>
  <testcase classname="com.api.task.tests.PlanetApiByIdTest" name="testToVerifyApiResponseTimeForUrlById" time="0.241"/>
  <testcase classname="com.api.task.tests.PlanetApiByIdTest" name="testToVerifyApiResponseTimeForUrlById" time="0.226"/>
  <testcase classname="com.api.task.tests.PlanetApiByIdTest" name="testToVerifyApiResponseTimeForUrlById" time="0.198"/>
  <testcase classname="com.api.task.tests.PlanetApiByIdTest" name="testToVerifyApiResponseTimeForUrlById" time="0.223"/>
  <testcase classname="com.api.task.tests.PlanetApiByIdTest" name="testToVerifyApiResponseTimeForUrlById" time="0.268"/>
  <testcase classname="com.api.task.tests.PlanetApiByIdTest" name="testToVerifyApiResponseTimeForUrlById" time="0.226"/>
  <testcase classname="com.api.task.tests.PlanetApiByIdTest" name="testToVerifyApiResponseTimeForUrlById" time="0.228"/>
  <testcase classname="com.api.task.tests.PlanetApiByIdTest" name="testToVerifyApiResponseTimeForUrlById" time="0.304"/>
  <testcase classname="com.api.task.tests.PlanetApiByIdTest" name="testToVerifyApiResponseTimeForUrlById" time="0.301"/>
  <testcase classname="com.api.task.tests.PlanetApiByIdTest" name="testToVerifyApiResponseTimeForUrlById" time="0.228"/>
  <testcase classname="com.api.task.tests.PlanetApiByIdTest" name="testToVerifyApiResponseTimeForUrlById" time="0.225"/>
  <testcase classname="com.api.task.tests.PlanetApiByIdTest" name="testToVerifyApiResponseTimeForUrlById" time="0.212"/>
  <testcase classname="com.api.task.tests.PlanetApiByIdTest" name="testToVerifyApiResponseTimeForUrlById" time="0.338"/>
  <testcase classname="com.api.task.tests.PlanetApiByIdTest" name="testToVerifyApiResponseTimeForUrlById" time="0.226"/>
  <testcase classname="com.api.task.tests.PlanetApiByIdTest" name="testToVerifyApiResponseTimeForUrlById" time="0.203"/>
  <testcase classname="com.api.task.tests.PlanetApiByIdTest" name="testToVerifyApiResponseTimeForUrlById" time="0.218"/>
  <testcase classname="com.api.task.tests.PlanetApiByIdTest" name="testToVerifyApiResponseTimeForUrlById" time="0.194"/>
  <testcase classname="com.api.task.tests.PlanetApiByIdTest" name="testToVerifyApiResponseTimeForUrlById" time="0.228"/>
  <testcase classname="com.api.task.tests.PlanetApiByIdTest" name="testToVerifyApiResponseTimeForUrlById" time="0.258"/>
  <testcase classname="com.api.task.tests.PlanetApiByIdTest" name="testToVerifyApiResponseTimeForUrlById" time="0.224"/>
  <testcase classname="com.api.task.tests.PlanetApiByIdTest" name="testToVerifyApiResponseTimeForUrlById" time="0.29"/>
  <testcase classname="com.api.task.tests.PlanetApiByIdTest" name="testToVerifyApiResponseTimeForUrlById" time="0.303"/>
  <testcase classname="com.api.task.tests.PlanetApiByIdTest" name="testToVerifyApiResponseTimeForUrlById" time="0.206"/>
  <testcase classname="com.api.task.tests.PlanetApiByIdTest" name="testToVerifyApiResponseTimeForUrlById" time="0.232"/>
  <testcase classname="com.api.task.tests.PlanetApiByIdTest" name="testToVerifyApiResponseTimeForUrlById" time="0.265"/>
  <testcase classname="com.api.task.tests.PlanetApiByIdTest" name="testToVerifyApiResponseTimeForUrlById" time="0.222"/>
  <testcase classname="com.api.task.tests.PlanetApiByIdTest" name="testToVerifyApiResponseTimeForUrlById" time="0.238"/>
  <testcase classname="com.api.task.tests.PlanetApiByIdTest" name="testToVerifyApiResponseTimeForUrlById" time="0.187"/>
  <testcase classname="com.api.task.tests.PlanetApiByIdTest" name="testToVerifyApiResponseTimeForUrlById" time="0.3"/>
  <testcase classname="com.api.task.tests.PlanetApiByIdTest" name="testToVerifyApiResponseTimeForUrlById" time="0.216"/>
  <testcase classname="com.api.task.tests.PlanetApiByIdTest" name="testToVerifyApiResponseTimeForUrlById" time="0.255"/>
  <testcase classname="com.api.task.tests.PlanetApiByIdTest" name="testToVerifyApiResponseTimeForUrlById" time="0.244"/>
  <testcase classname="com.api.task.tests.PlanetApiByIdTest" name="testToVerifyApiResponseTimeForUrlById" time="0.26"/>
  <testcase classname="com.api.task.tests.PlanetApiByIdTest" name="testToVerifyApiResponseTimeForUrlById" time="0.239"/>
  <testcase classname="com.api.task.tests.PlanetApiByIdTest" name="testToVerifyApiResponseTimeForUrlById" time="0.25"/>
  <testcase classname="com.api.task.tests.PlanetApiByIdTest" name="testToVerifyApiResponseTimeForUrlById" time="0.234"/>
  <testcase classname="com.api.task.tests.PlanetApiByIdTest" name="testToVerifyApiResponseTimeForUrlById" time="0.207"/>
  <testcase classname="com.api.task.tests.PlanetApiByIdTest" name="testToVerifyApiResponseTimeForUrlById" time="0.367"/>
  <testcase classname="com.api.task.tests.PlanetApiByIdTest" name="testToVerifyApiResponseTimeForUrlById" time="0.257"/>
  <testcase classname="com.api.task.tests.PlanetApiByIdTest" name="testToVerifyResponseForInvalidPlanetId" time="0.33"/>
</testsuite>