<?xml version="1.0" encoding="UTF-8"?>
<!-- Generated by org.testng.reporters.JUnitReportReporter -->
<testsuite skipped="0" hostname="MacBook-Pro.local" name="com.api.task.tests.PlanetApiByIdTest" tests="62" failures="0" timestamp="26 Oct 2018 16:48:10 GMT" time="16.205" errors="0">
  <testcase name="testToVerifyApiResponseTimeForUrlById" time="0.188" classname="com.api.task.tests.PlanetApiByIdTest"/>
  <testcase name="testToVerifyApiResponseTimeForUrlById" time="0.213" classname="com.api.task.tests.PlanetApiByIdTest"/>
  <testcase name="testToVerifyApiResponseTimeForUrlById" time="0.191" classname="com.api.task.tests.PlanetApiByIdTest"/>
  <testcase name="testToVerifyApiResponseTimeForUrlById" time="0.315" classname="com.api.task.tests.PlanetApiByIdTest"/>
  <testcase name="testToVerifyApiResponseTimeForUrlById" time="0.255" classname="com.api.task.tests.PlanetApiByIdTest"/>
  <testcase name="testToVerifyApiResponseTimeForUrlById" time="0.227" classname="com.api.task.tests.PlanetApiByIdTest"/>
  <testcase name="testToVerifyApiResponseTimeForUrlById" time="0.202" classname="com.api.task.tests.PlanetApiByIdTest"/>
  <testcase name="testToVerifyApiResponseTimeForUrlById" time="0.215" classname="com.api.task.tests.PlanetApiByIdTest"/>
  <testcase name="testToVerifyApiResponseTimeForUrlById" time="0.299" classname="com.api.task.tests.PlanetApiByIdTest"/>
  <testcase name="testToVerifyApiResponseTimeForUrlById" time="0.483" classname="com.api.task.tests.PlanetApiByIdTest"/>
  <testcase name="testToVerifyApiResponseTimeForUrlById" time="0.250" classname="com.api.task.tests.PlanetApiByIdTest"/>
  <testcase name="testToVerifyApiResponseTimeForUrlById" time="0.351" classname="com.api.task.tests.PlanetApiByIdTest"/>
  <testcase name="testToVerifyApiResponseTimeForUrlById" time="0.228" classname="com.api.task.tests.PlanetApiByIdTest"/>
  <testcase name="testToVerifyApiResponseTimeForUrlById" time="0.343" classname="com.api.task.tests.PlanetApiByIdTest"/>
  <testcase name="testToVerifyApiResponseTimeForUrlById" time="0.212" classname="com.api.task.tests.PlanetApiByIdTest"/>
  <testcase name="testToVerifyApiResponseTimeForUrlById" time="0.259" classname="com.api.task.tests.PlanetApiByIdTest"/>
  <testcase name="testToVerifyApiResponseTimeForUrlById" time="0.235" classname="com.api.task.tests.PlanetApiByIdTest"/>
  <testcase name="testToVerifyApiResponseTimeForUrlById" time="0.218" classname="com.api.task.tests.PlanetApiByIdTest"/>
  <testcase name="testToVerifyApiResponseTimeForUrlById" time="0.290" classname="com.api.task.tests.PlanetApiByIdTest"/>
  <testcase name="testToVerifyApiResponseTimeForUrlById" time="0.213" classname="com.api.task.tests.PlanetApiByIdTest"/>
  <testcase name="testToVerifyApiResponseTimeForUrlById" time="0.262" classname="com.api.task.tests.PlanetApiByIdTest"/>
  <testcase name="testToVerifyApiResponseTimeForUrlById" time="0.229" classname="com.api.task.tests.PlanetApiByIdTest"/>
  <testcase name="testToVerifyApiResponseTimeForUrlById" time="0.226" classname="com.api.task.tests.PlanetApiByIdTest"/>
  <testcase name="testToVerifyApiResponseTimeForUrlById" time="0.196" classname="com.api.task.tests.PlanetApiByIdTest"/>
  <testcase name="testToVerifyApiResponseTimeForUrlById" time="0.493" classname="com.api.task.tests.PlanetApiByIdTest"/>
  <testcase name="testToVerifyApiResponseTimeForUrlById" time="0.252" classname="com.api.task.tests.PlanetApiByIdTest"/>
  <testcase name="testToVerifyApiResponseTimeForUrlById" time="0.304" classname="com.api.task.tests.PlanetApiByIdTest"/>
  <testcase name="testToVerifyApiResponseTimeForUrlById" time="0.238" classname="com.api.task.tests.PlanetApiByIdTest"/>
  <testcase name="testToVerifyApiResponseTimeForUrlById" time="0.297" classname="com.api.task.tests.PlanetApiByIdTest"/>
  <testcase name="testToVerifyApiResponseTimeForUrlById" time="0.228" classname="com.api.task.tests.PlanetApiByIdTest"/>
  <testcase name="testToVerifyApiResponseTimeForUrlById" time="0.268" classname="com.api.task.tests.PlanetApiByIdTest"/>
  <testcase name="testToVerifyApiResponseTimeForUrlById" time="0.297" classname="com.api.task.tests.PlanetApiByIdTest"/>
  <testcase name="testToVerifyApiResponseTimeForUrlById" time="0.315" classname="com.api.task.tests.PlanetApiByIdTest"/>
  <testcase name="testToVerifyApiResponseTimeForUrlById" time="0.205" classname="com.api.task.tests.PlanetApiByIdTest"/>
  <testcase name="testToVerifyApiResponseTimeForUrlById" time="0.276" classname="com.api.task.tests.PlanetApiByIdTest"/>
  <testcase name="testToVerifyApiResponseTimeForUrlById" time="0.205" classname="com.api.task.tests.PlanetApiByIdTest"/>
  <testcase name="testToVerifyApiResponseTimeForUrlById" time="0.226" classname="com.api.task.tests.PlanetApiByIdTest"/>
  <testcase name="testToVerifyApiResponseTimeForUrlById" time="0.248" classname="com.api.task.tests.PlanetApiByIdTest"/>
  <testcase name="testToVerifyApiResponseTimeForUrlById" time="0.226" classname="com.api.task.tests.PlanetApiByIdTest"/>
  <testcase name="testToVerifyApiResponseTimeForUrlById" time="0.195" classname="com.api.task.tests.PlanetApiByIdTest"/>
  <testcase name="testToVerifyApiResponseTimeForUrlById" time="0.248" classname="com.api.task.tests.PlanetApiByIdTest"/>
  <testcase name="testToVerifyApiResponseTimeForUrlById" time="0.254" classname="com.api.task.tests.PlanetApiByIdTest"/>
  <testcase name="testToVerifyApiResponseTimeForUrlById" time="0.301" classname="com.api.task.tests.PlanetApiByIdTest"/>
  <testcase name="testToVerifyApiResponseTimeForUrlById" time="0.193" classname="com.api.task.tests.PlanetApiByIdTest"/>
  <testcase name="testToVerifyApiResponseTimeForUrlById" time="0.259" classname="com.api.task.tests.PlanetApiByIdTest"/>
  <testcase name="testToVerifyApiResponseTimeForUrlById" time="0.241" classname="com.api.task.tests.PlanetApiByIdTest"/>
  <testcase name="testToVerifyApiResponseTimeForUrlById" time="0.257" classname="com.api.task.tests.PlanetApiByIdTest"/>
  <testcase name="testToVerifyApiResponseTimeForUrlById" time="0.227" classname="com.api.task.tests.PlanetApiByIdTest"/>
  <testcase name="testToVerifyApiResponseTimeForUrlById" time="0.402" classname="com.api.task.tests.PlanetApiByIdTest"/>
  <testcase name="testToVerifyApiResponseTimeForUrlById" time="0.229" classname="com.api.task.tests.PlanetApiByIdTest"/>
  <testcase name="testToVerifyApiResponseTimeForUrlById" time="0.214" classname="com.api.task.tests.PlanetApiByIdTest"/>
  <testcase name="testToVerifyApiResponseTimeForUrlById" time="0.294" classname="com.api.task.tests.PlanetApiByIdTest"/>
  <testcase name="testToVerifyApiResponseTimeForUrlById" time="0.338" classname="com.api.task.tests.PlanetApiByIdTest"/>
  <testcase name="testToVerifyApiResponseTimeForUrlById" time="0.248" classname="com.api.task.tests.PlanetApiByIdTest"/>
  <testcase name="testToVerifyApiResponseTimeForUrlById" time="0.201" classname="com.api.task.tests.PlanetApiByIdTest"/>
  <testcase name="testToVerifyApiResponseTimeForUrlById" time="0.241" classname="com.api.task.tests.PlanetApiByIdTest"/>
  <testcase name="testToVerifyApiResponseTimeForUrlById" time="0.264" classname="com.api.task.tests.PlanetApiByIdTest"/>
  <testcase name="testToVerifyApiResponseTimeForUrlById" time="0.203" classname="com.api.task.tests.PlanetApiByIdTest"/>
  <testcase name="testToVerifyApiResponseTimeForUrlById" time="0.307" classname="com.api.task.tests.PlanetApiByIdTest"/>
  <testcase name="testToVerifyResponseForInvalidPlanetId" time="0.247" classname="com.api.task.tests.PlanetApiByIdTest"/>
  <testcase name="testToVerifyApiResponseTimeForUrlById" time="0.274" classname="com.api.task.tests.PlanetApiByIdTest"/>
  <testcase name="testToVerifyApiResponseTimeForUrlById" time="0.390" classname="com.api.task.tests.PlanetApiByIdTest"/>
</testsuite> <!-- com.api.task.tests.PlanetApiByIdTest -->
