<?xml version="1.0" encoding="UTF-8"?>
<!-- Generated by org.testng.reporters.JUnitReportReporter -->
<testsuite skipped="0" hostname="MacBook-Pro.local" name="com.api.task.tests.PlanetApiByIdTest" tests="62" failures="0" timestamp="26 Oct 2018 18:26:27 GMT" time="15.214" errors="0">
  <testcase name="testToVerifyApiResponseTimeForUrlById" time="0.214" classname="com.api.task.tests.PlanetApiByIdTest"/>
  <testcase name="testToVerifyApiResponseTimeForUrlById" time="0.338" classname="com.api.task.tests.PlanetApiByIdTest"/>
  <testcase name="testToVerifyApiResponseTimeForUrlById" time="0.241" classname="com.api.task.tests.PlanetApiByIdTest"/>
  <testcase name="testToVerifyApiResponseTimeForUrlById" time="0.198" classname="com.api.task.tests.PlanetApiByIdTest"/>
  <testcase name="testToVerifyApiResponseTimeForUrlById" time="0.265" classname="com.api.task.tests.PlanetApiByIdTest"/>
  <testcase name="testToVerifyApiResponseTimeForUrlById" time="0.218" classname="com.api.task.tests.PlanetApiByIdTest"/>
  <testcase name="testToVerifyApiResponseTimeForUrlById" time="0.225" classname="com.api.task.tests.PlanetApiByIdTest"/>
  <testcase name="testToVerifyApiResponseTimeForUrlById" time="0.227" classname="com.api.task.tests.PlanetApiByIdTest"/>
  <testcase name="testToVerifyApiResponseTimeForUrlById" time="0.368" classname="com.api.task.tests.PlanetApiByIdTest"/>
  <testcase name="testToVerifyApiResponseTimeForUrlById" time="0.239" classname="com.api.task.tests.PlanetApiByIdTest"/>
  <testcase name="testToVerifyApiResponseTimeForUrlById" time="0.258" classname="com.api.task.tests.PlanetApiByIdTest"/>
  <testcase name="testToVerifyApiResponseTimeForUrlById" time="0.207" classname="com.api.task.tests.PlanetApiByIdTest"/>
  <testcase name="testToVerifyApiResponseTimeForUrlById" time="0.228" classname="com.api.task.tests.PlanetApiByIdTest"/>
  <testcase name="testToVerifyApiResponseTimeForUrlById" time="0.225" classname="com.api.task.tests.PlanetApiByIdTest"/>
  <testcase name="testToVerifyApiResponseTimeForUrlById" time="0.269" classname="com.api.task.tests.PlanetApiByIdTest"/>
  <testcase name="testToVerifyApiResponseTimeForUrlById" time="0.216" classname="com.api.task.tests.PlanetApiByIdTest"/>
  <testcase name="testToVerifyApiResponseTimeForUrlById" time="0.244" classname="com.api.task.tests.PlanetApiByIdTest"/>
  <testcase name="testToVerifyApiResponseTimeForUrlById" time="0.203" classname="com.api.task.tests.PlanetApiByIdTest"/>
  <testcase name="testToVerifyApiResponseTimeForUrlById" time="0.289" classname="com.api.task.tests.PlanetApiByIdTest"/>
  <testcase name="testToVerifyApiResponseTimeForUrlById" time="0.254" classname="com.api.task.tests.PlanetApiByIdTest"/>
  <testcase name="testToVerifyApiResponseTimeForUrlById" time="0.300" classname="com.api.task.tests.PlanetApiByIdTest"/>
  <testcase name="testToVerifyApiResponseTimeForUrlById" time="0.232" classname="com.api.task.tests.PlanetApiByIdTest"/>
  <testcase name="testToVerifyApiResponseTimeForUrlById" time="0.227" classname="com.api.task.tests.PlanetApiByIdTest"/>
  <testcase name="testToVerifyApiResponseTimeForUrlById" time="0.354" classname="com.api.task.tests.PlanetApiByIdTest"/>
  <testcase name="testToVerifyApiResponseTimeForUrlById" time="0.388" classname="com.api.task.tests.PlanetApiByIdTest"/>
  <testcase name="testToVerifyApiResponseTimeForUrlById" time="0.175" classname="com.api.task.tests.PlanetApiByIdTest"/>
  <testcase name="testToVerifyApiResponseTimeForUrlById" time="0.300" classname="com.api.task.tests.PlanetApiByIdTest"/>
  <testcase name="testToVerifyApiResponseTimeForUrlById" time="0.190" classname="com.api.task.tests.PlanetApiByIdTest"/>
  <testcase name="testToVerifyApiResponseTimeForUrlById" time="0.254" classname="com.api.task.tests.PlanetApiByIdTest"/>
  <testcase name="testToVerifyApiResponseTimeForUrlById" time="0.259" classname="com.api.task.tests.PlanetApiByIdTest"/>
  <testcase name="testToVerifyApiResponseTimeForUrlById" time="0.234" classname="com.api.task.tests.PlanetApiByIdTest"/>
  <testcase name="testToVerifyApiResponseTimeForUrlById" time="0.194" classname="com.api.task.tests.PlanetApiByIdTest"/>
  <testcase name="testToVerifyApiResponseTimeForUrlById" time="0.187" classname="com.api.task.tests.PlanetApiByIdTest"/>
  <testcase name="testToVerifyApiResponseTimeForUrlById" time="0.213" classname="com.api.task.tests.PlanetApiByIdTest"/>
  <testcase name="testToVerifyApiResponseTimeForUrlById" time="0.205" classname="com.api.task.tests.PlanetApiByIdTest"/>
  <testcase name="testToVerifyApiResponseTimeForUrlById" time="0.199" classname="com.api.task.tests.PlanetApiByIdTest"/>
  <testcase name="testToVerifyApiResponseTimeForUrlById" time="0.257" classname="com.api.task.tests.PlanetApiByIdTest"/>
  <testcase name="testToVerifyApiResponseTimeForUrlById" time="0.198" classname="com.api.task.tests.PlanetApiByIdTest"/>
  <testcase name="testToVerifyApiResponseTimeForUrlById" time="0.237" classname="com.api.task.tests.PlanetApiByIdTest"/>
  <testcase name="testToVerifyApiResponseTimeForUrlById" time="0.218" classname="com.api.task.tests.PlanetApiByIdTest"/>
  <testcase name="testToVerifyApiResponseTimeForUrlById" time="0.225" classname="com.api.task.tests.PlanetApiByIdTest"/>
  <testcase name="testToVerifyApiResponseTimeForUrlById" time="0.224" classname="com.api.task.tests.PlanetApiByIdTest"/>
  <testcase name="testToVerifyApiResponseTimeForUrlById" time="0.243" classname="com.api.task.tests.PlanetApiByIdTest"/>
  <testcase name="testToVerifyApiResponseTimeForUrlById" time="0.179" classname="com.api.task.tests.PlanetApiByIdTest"/>
  <testcase name="testToVerifyApiResponseTimeForUrlById" time="0.259" classname="com.api.task.tests.PlanetApiByIdTest"/>
  <testcase name="testToVerifyApiResponseTimeForUrlById" time="0.212" classname="com.api.task.tests.PlanetApiByIdTest"/>
  <testcase name="testToVerifyApiResponseTimeForUrlById" time="0.338" classname="com.api.task.tests.PlanetApiByIdTest"/>
  <testcase name="testToVerifyApiResponseTimeForUrlById" time="0.261" classname="com.api.task.tests.PlanetApiByIdTest"/>
  <testcase name="testToVerifyApiResponseTimeForUrlById" time="0.267" classname="com.api.task.tests.PlanetApiByIdTest"/>
  <testcase name="testToVerifyApiResponseTimeForUrlById" time="0.228" classname="com.api.task.tests.PlanetApiByIdTest"/>
  <testcase name="testToVerifyApiResponseTimeForUrlById" time="0.250" classname="com.api.task.tests.PlanetApiByIdTest"/>
  <testcase name="testToVerifyApiResponseTimeForUrlById" time="0.221" classname="com.api.task.tests.PlanetApiByIdTest"/>
  <testcase name="testToVerifyApiResponseTimeForUrlById" time="0.228" classname="com.api.task.tests.PlanetApiByIdTest"/>
  <testcase name="testToVerifyApiResponseTimeForUrlById" time="0.304" classname="com.api.task.tests.PlanetApiByIdTest"/>
  <testcase name="testToVerifyApiResponseTimeForUrlById" time="0.303" classname="com.api.task.tests.PlanetApiByIdTest"/>
  <testcase name="testToVerifyApiResponseTimeForUrlById" time="0.224" classname="com.api.task.tests.PlanetApiByIdTest"/>
  <testcase name="testToVerifyApiResponseTimeForUrlById" time="0.226" classname="com.api.task.tests.PlanetApiByIdTest"/>
  <testcase name="testToVerifyApiResponseTimeForUrlById" time="0.294" classname="com.api.task.tests.PlanetApiByIdTest"/>
  <testcase name="testToVerifyApiResponseTimeForUrlById" time="0.243" classname="com.api.task.tests.PlanetApiByIdTest"/>
  <testcase name="testToVerifyResponseForInvalidPlanetId" time="0.330" classname="com.api.task.tests.PlanetApiByIdTest"/>
  <testcase name="testToVerifyApiResponseTimeForUrlById" time="0.222" classname="com.api.task.tests.PlanetApiByIdTest"/>
  <testcase name="testToVerifyApiResponseTimeForUrlById" time="0.186" classname="com.api.task.tests.PlanetApiByIdTest"/>
</testsuite> <!-- com.api.task.tests.PlanetApiByIdTest -->
