<?xml version="1.0" encoding="UTF-8"?>
<!-- Generated by org.testng.reporters.JUnitReportReporter -->
<testsuite skipped="0" hostname="MacBook-Pro.local" name="com.api.task.tests.PlanetApiTest" tests="552" failures="1" timestamp="26 Oct 2018 16:48:10 GMT" time="0.229" errors="0">
  <testcase name="testToVerifyPlanetNameToGravity" time="0.000" classname="com.api.task.tests.PlanetApiTest"/>
  <testcase name="testToVerifyPlanetNameToTerrain" time="0.000" classname="com.api.task.tests.PlanetApiTest"/>
  <testcase name="testToVerifyPlanetNameInApiResponse" time="0.001" classname="com.api.task.tests.PlanetApiTest"/>
  <testcase name="testToVerifyPlanetNameToSurfaceWater" time="0.000" classname="com.api.task.tests.PlanetApiTest"/>
  <testcase name="testToVerifyPlanetNameToTerrain" time="0.000" classname="com.api.task.tests.PlanetApiTest"/>
  <testcase name="testToVerifyPlanetNameToPopulation" time="0.000" classname="com.api.task.tests.PlanetApiTest"/>
  <testcase name="testToVerifyPlanetNameToPopulation" time="0.000" classname="com.api.task.tests.PlanetApiTest"/>
  <testcase name="testToVerifyPlanetNameToGravity" time="0.000" classname="com.api.task.tests.PlanetApiTest"/>
  <testcase name="testToVerifyPlanetNameToUrl" time="0.000" classname="com.api.task.tests.PlanetApiTest"/>
  <testcase name="testToVerifyPlanetNameToGravity" time="0.000" classname="com.api.task.tests.PlanetApiTest"/>
  <testcase name="testToVerifyPlanetNameInApiResponse" time="0.001" classname="com.api.task.tests.PlanetApiTest"/>
  <testcase name="testToVerifyPlanetNameToDiameter" time="0.000" classname="com.api.task.tests.PlanetApiTest"/>
  <testcase name="testToVerifyPlanetNameToGravity" time="0.000" classname="com.api.task.tests.PlanetApiTest"/>
  <testcase name="testToVerifyPlanetNameToRotationPeriod" time="0.000" classname="com.api.task.tests.PlanetApiTest"/>
  <testcase name="testToVerifyPlanetNameToClimate" time="0.000" classname="com.api.task.tests.PlanetApiTest"/>
  <testcase name="testToVerifyPlanetNameToTerrain" time="0.000" classname="com.api.task.tests.PlanetApiTest"/>
  <testcase name="testToVerifyPlanetNameToPopulation" time="0.000" classname="com.api.task.tests.PlanetApiTest"/>
  <testcase name="testToVerifyPlanetNameToRotationPeriod" time="0.000" classname="com.api.task.tests.PlanetApiTest"/>
  <testcase name="testToVerifyPlanetNameToUrl" time="0.000" classname="com.api.task.tests.PlanetApiTest"/>
  <testcase name="testToVerifyPlanetNameToSurfaceWater" time="0.000" classname="com.api.task.tests.PlanetApiTest"/>
  <testcase name="testToVerifyPlanetNameToUrl" time="0.000" classname="com.api.task.tests.PlanetApiTest"/>
  <testcase name="testToVerifyPlanetNameToUrl" time="0.000" classname="com.api.task.tests.PlanetApiTest"/>
  <testcase name="testToVerifyPlanetNameToDiameter" time="0.000" classname="com.api.task.tests.PlanetApiTest"/>
  <testcase name="testToVerifyPlanetNameToDiameter" time="0.001" classname="com.api.task.tests.PlanetApiTest"/>
  <testcase name="testToVerifyPlanetNameToUrl" time="0.000" classname="com.api.task.tests.PlanetApiTest"/>
  <testcase name="testToVerifyPlanetNameToSurfaceWater" time="0.000" classname="com.api.task.tests.PlanetApiTest"/>
  <testcase name="testToVerifyPlanetNameToGravity" time="0.000" classname="com.api.task.tests.PlanetApiTest"/>
  <testcase name="testToVerifyPlanetNameToTerrain" time="0.000" classname="com.api.task.tests.PlanetApiTest"/>
  <testcase name="testToVerifyPlanetNameToDiameter" time="0.000" classname="com.api.task.tests.PlanetApiTest"/>
  <testcase name="testToVerifyPlanetNameInApiResponse" time="0.001" classname="com.api.task.tests.PlanetApiTest"/>
  <testcase name="testToVerifyPlanetNameToSurfaceWater" time="0.001" classname="com.api.task.tests.PlanetApiTest"/>
  <testcase name="testToVerifyPlanetNameToDiameter" time="0.000" classname="com.api.task.tests.PlanetApiTest"/>
  <testcase name="testToVerifyPlanetNameToClimate" time="0.000" classname="com.api.task.tests.PlanetApiTest"/>
  <testcase name="testToVerifyPlanetNameInApiResponse" time="0.001" classname="com.api.task.tests.PlanetApiTest"/>
  <testcase name="testToVerifyPlanetNameToTerrain" time="0.000" classname="com.api.task.tests.PlanetApiTest"/>
  <testcase name="testToVerifyPlanetNameToUrl" time="0.000" classname="com.api.task.tests.PlanetApiTest"/>
  <testcase name="testToVerifyPlanetNameToTerrain" time="0.000" classname="com.api.task.tests.PlanetApiTest"/>
  <testcase name="testToVerifyPlanetNameToRotationPeriod" time="0.000" classname="com.api.task.tests.PlanetApiTest"/>
  <testcase name="testToVerifyPlanetNameToTerrain" time="0.000" classname="com.api.task.tests.PlanetApiTest"/>
  <testcase name="testToVerifyPlanetNameToDiameter" time="0.001" classname="com.api.task.tests.PlanetApiTest"/>
  <testcase name="testToVerifyPlanetNameToDiameter" time="0.001" classname="com.api.task.tests.PlanetApiTest"/>
  <testcase name="testToVerifyPlanetNameToPopulation" time="0.000" classname="com.api.task.tests.PlanetApiTest"/>
  <testcase name="testToVerifyPlanetNameToRotationPeriod" time="0.000" classname="com.api.task.tests.PlanetApiTest"/>
  <testcase name="testToVerifyPlanetNameToGravity" time="0.000" classname="com.api.task.tests.PlanetApiTest"/>
  <testcase name="testToVerifyPlanetNameToClimate" time="0.000" classname="com.api.task.tests.PlanetApiTest"/>
  <testcase name="testToVerifyPlanetNameToDiameter" time="0.000" classname="com.api.task.tests.PlanetApiTest"/>
  <testcase name="testToVerifyPlanetNameToPopulation" time="0.000" classname="com.api.task.tests.PlanetApiTest"/>
  <testcase name="testToVerifyPlanetNameToGravity" time="0.000" classname="com.api.task.tests.PlanetApiTest"/>
  <testcase name="testToVerifyPlanetNameToDiameter" time="0.000" classname="com.api.task.tests.PlanetApiTest"/>
  <testcase name="testToVerifyPlanetNameInApiResponse" time="0.000" classname="com.api.task.tests.PlanetApiTest"/>
  <testcase name="testToVerifyPlanetNameToUrl" time="0.000" classname="com.api.task.tests.PlanetApiTest"/>
  <testcase name="testToVerifyPlanetNameToSurfaceWater" time="0.000" classname="com.api.task.tests.PlanetApiTest"/>
  <testcase name="testToVerifyPlanetNameToSurfaceWater" time="0.000" classname="com.api.task.tests.PlanetApiTest"/>
  <testcase name="testToVerifyPlanetNameInApiResponse" time="0.001" classname="com.api.task.tests.PlanetApiTest"/>
  <testcase name="testToVerifyPlanetNameInApiResponse" time="0.001" classname="com.api.task.tests.PlanetApiTest"/>
  <testcase name="testToVerifyPlanetNameToDiameter" time="0.000" classname="com.api.task.tests.PlanetApiTest"/>
  <testcase name="testToVerifyPlanetNameToClimate" time="0.000" classname="com.api.task.tests.PlanetApiTest"/>
  <testcase name="testToVerifyPlanetNameToGravity" time="0.000" classname="com.api.task.tests.PlanetApiTest"/>
  <testcase name="testToVerifyPlanetNameToGravity" time="0.000" classname="com.api.task.tests.PlanetApiTest"/>
  <testcase name="testToVerifyPlanetNameToDiameter" time="0.000" classname="com.api.task.tests.PlanetApiTest"/>
  <testcase name="testToVerifyPlanetNameToClimate" time="0.000" classname="com.api.task.tests.PlanetApiTest"/>
  <testcase name="testToVerifyPlanetNameToGravity" time="0.000" classname="com.api.task.tests.PlanetApiTest"/>
  <testcase name="testToVerifyPlanetNameToPopulation" time="0.000" classname="com.api.task.tests.PlanetApiTest"/>
  <testcase name="testToVerifyPlanetNameToPopulation" time="0.001" classname="com.api.task.tests.PlanetApiTest"/>
  <testcase name="testToVerifyPlanetNameToRotationPeriod" time="0.000" classname="com.api.task.tests.PlanetApiTest"/>
  <testcase name="testToVerifyPlanetNameToRotationPeriod" time="0.000" classname="com.api.task.tests.PlanetApiTest"/>
  <testcase name="testToVerifyPlanetNameToClimate" time="0.000" classname="com.api.task.tests.PlanetApiTest"/>
  <testcase name="testToVerifyPlanetNameToDiameter" time="0.000" classname="com.api.task.tests.PlanetApiTest"/>
  <testcase name="testToVerifyPlanetNameInApiResponse" time="0.000" classname="com.api.task.tests.PlanetApiTest"/>
  <testcase name="testToVerifyPlanetNameInApiResponse" time="0.001" classname="com.api.task.tests.PlanetApiTest"/>
  <testcase name="testToVerifyPlanetNameToTerrain" time="0.000" classname="com.api.task.tests.PlanetApiTest"/>
  <testcase name="testToVerifyPlanetNameToUrl" time="0.000" classname="com.api.task.tests.PlanetApiTest"/>
  <testcase name="testToVerifyPlanetNameInApiResponse" time="0.000" classname="com.api.task.tests.PlanetApiTest"/>
  <testcase name="testToVerifyPlanetNameToRotationPeriod" time="0.000" classname="com.api.task.tests.PlanetApiTest"/>
  <testcase name="testToVerifyPlanetNameToDiameter" time="0.000" classname="com.api.task.tests.PlanetApiTest"/>
  <testcase name="testToVerifyPlanetNameToRotationPeriod" time="0.001" classname="com.api.task.tests.PlanetApiTest"/>
  <testcase name="testToVerifyPlanetNameToRotationPeriod" time="0.000" classname="com.api.task.tests.PlanetApiTest"/>
  <testcase name="testToVerifyPlanetNameInApiResponse" time="0.001" classname="com.api.task.tests.PlanetApiTest"/>
  <testcase name="testToVerifyPlanetNameToPopulation" time="0.000" classname="com.api.task.tests.PlanetApiTest"/>
  <testcase name="testToVerifyPlanetNameToGravity" time="0.000" classname="com.api.task.tests.PlanetApiTest"/>
  <testcase name="testToVerifyPlanetNameToRotationPeriod" time="0.000" classname="com.api.task.tests.PlanetApiTest"/>
  <testcase name="testToVerifyPlanetNameToGravity" time="0.000" classname="com.api.task.tests.PlanetApiTest"/>
  <testcase name="testToVerifyPlanetNameToPopulation" time="0.001" classname="com.api.task.tests.PlanetApiTest"/>
  <testcase name="testToVerifyPlanetNameToRotationPeriod" time="0.000" classname="com.api.task.tests.PlanetApiTest"/>
  <testcase name="testToVerifyPlanetNameToUrl" time="0.001" classname="com.api.task.tests.PlanetApiTest"/>
  <testcase name="testToVerifyPlanetNameInApiResponse" time="0.000" classname="com.api.task.tests.PlanetApiTest"/>
  <testcase name="testToVerifyPlanetNameInApiResponse" time="0.000" classname="com.api.task.tests.PlanetApiTest"/>
  <testcase name="testToVerifyPlanetNameToGravity" time="0.000" classname="com.api.task.tests.PlanetApiTest"/>
  <testcase name="testToVerifyPlanetNameToGravity" time="0.000" classname="com.api.task.tests.PlanetApiTest"/>
  <testcase name="testToVerifyPlanetNameToDiameter" time="0.000" classname="com.api.task.tests.PlanetApiTest"/>
  <testcase name="testToVerifyPlanetNameToPopulation" time="0.000" classname="com.api.task.tests.PlanetApiTest"/>
  <testcase name="testToVerifyPlanetNameToUrl" time="0.000" classname="com.api.task.tests.PlanetApiTest"/>
  <testcase name="testToVerifyPlanetNameToDiameter" time="0.000" classname="com.api.task.tests.PlanetApiTest"/>
  <testcase name="testToVerifyPlanetNameToPopulation" time="0.000" classname="com.api.task.tests.PlanetApiTest"/>
  <testcase name="testToVerifyPlanetNameInApiResponse" time="0.000" classname="com.api.task.tests.PlanetApiTest"/>
  <testcase name="testToVerifyPlanetNameToRotationPeriod" time="0.000" classname="com.api.task.tests.PlanetApiTest"/>
  <testcase name="testToVerifyPlanetNameInApiResponse" time="0.000" classname="com.api.task.tests.PlanetApiTest"/>
  <testcase name="testToVerifyPlanetNameToTerrain" time="0.000" classname="com.api.task.tests.PlanetApiTest"/>
  <testcase name="testToVerifyPlanetNameToRotationPeriod" time="0.000" classname="com.api.task.tests.PlanetApiTest"/>
  <testcase name="testToVerifyPlanetNameInApiResponse" time="0.000" classname="com.api.task.tests.PlanetApiTest"/>
  <testcase name="testToVerifyPlanetNameToDiameter" time="0.000" classname="com.api.task.tests.PlanetApiTest"/>
  <testcase name="testToVerifyPlanetNameToUrl" time="0.000" classname="com.api.task.tests.PlanetApiTest"/>
  <testcase name="testToVerifyPlanetNameToClimate" time="0.000" classname="com.api.task.tests.PlanetApiTest"/>
  <testcase name="testToVerifyPlanetNameToRotationPeriod" time="0.000" classname="com.api.task.tests.PlanetApiTest"/>
  <testcase name="testToVerifyPlanetNameToGravity" time="0.001" classname="com.api.task.tests.PlanetApiTest"/>
  <testcase name="testToVerifyPlanetNameToTerrain" time="0.000" classname="com.api.task.tests.PlanetApiTest"/>
  <testcase name="testToVerifyPlanetNameToGravity" time="0.000" classname="com.api.task.tests.PlanetApiTest"/>
  <testcase name="testToVerifyPlanetNameToTerrain" time="0.000" classname="com.api.task.tests.PlanetApiTest"/>
  <testcase name="testToVerifyPlanetNameToUrl" time="0.000" classname="com.api.task.tests.PlanetApiTest"/>
  <testcase name="testToVerifyPlanetNameToDiameter" time="0.000" classname="com.api.task.tests.PlanetApiTest"/>
  <testcase name="testToVerifyPlanetNameInApiResponse" time="0.000" classname="com.api.task.tests.PlanetApiTest"/>
  <testcase name="testToVerifyPlanetNameToSurfaceWater" time="0.000" classname="com.api.task.tests.PlanetApiTest"/>
  <testcase name="testToVerifyPlanetNameToPopulation" time="0.000" classname="com.api.task.tests.PlanetApiTest"/>
  <testcase name="testToVerifyPlanetNameToPopulation" time="0.000" classname="com.api.task.tests.PlanetApiTest"/>
  <testcase name="testToVerifyPlanetNameToSurfaceWater" time="0.001" classname="com.api.task.tests.PlanetApiTest"/>
  <testcase name="testToVerifyPlanetNameToSurfaceWater" time="0.000" classname="com.api.task.tests.PlanetApiTest"/>
  <testcase name="testToVerifyPlanetNameToDiameter" time="0.000" classname="com.api.task.tests.PlanetApiTest"/>
  <testcase name="testToVerifyPlanetNameToRotationPeriod" time="0.000" classname="com.api.task.tests.PlanetApiTest"/>
  <testcase name="testToVerifyPlanetNameToSurfaceWater" time="0.001" classname="com.api.task.tests.PlanetApiTest"/>
  <testcase name="testToVerifyPlanetNameToUrl" time="0.000" classname="com.api.task.tests.PlanetApiTest"/>
  <testcase name="testToVerifyPlanetNameToClimate" time="0.000" classname="com.api.task.tests.PlanetApiTest"/>
  <testcase name="testToVerifyPlanetNameToClimate" time="0.000" classname="com.api.task.tests.PlanetApiTest"/>
  <testcase name="testToVerifyPlanetNameToDiameter" time="0.000" classname="com.api.task.tests.PlanetApiTest"/>
  <testcase name="testToVerifyPlanetNameToSurfaceWater" time="0.001" classname="com.api.task.tests.PlanetApiTest"/>
  <testcase name="testToVerifyPlanetNameToTerrain" time="0.000" classname="com.api.task.tests.PlanetApiTest"/>
  <testcase name="testToVerifyPlanetNameToDiameter" time="0.000" classname="com.api.task.tests.PlanetApiTest"/>
  <testcase name="testToVerifyPlanetNameToGravity" time="0.001" classname="com.api.task.tests.PlanetApiTest"/>
  <testcase name="testToVerifyPlanetNameToClimate" time="0.001" classname="com.api.task.tests.PlanetApiTest"/>
  <testcase name="testToVerifyPlanetNameToPopulation" time="0.000" classname="com.api.task.tests.PlanetApiTest"/>
  <testcase name="testToVerifyPlanetNameToSurfaceWater" time="0.000" classname="com.api.task.tests.PlanetApiTest"/>
  <testcase name="testToVerifyPlanetNameToUrl" time="0.000" classname="com.api.task.tests.PlanetApiTest"/>
  <testcase name="testToVerifyPlanetNameToUrl" time="0.000" classname="com.api.task.tests.PlanetApiTest"/>
  <testcase name="testToVerifyPlanetNameToTerrain" time="0.000" classname="com.api.task.tests.PlanetApiTest"/>
  <testcase name="testToVerifyPlanetNameToDiameter" time="0.000" classname="com.api.task.tests.PlanetApiTest"/>
  <testcase name="testToVerifyPlanetNameToSurfaceWater" time="0.000" classname="com.api.task.tests.PlanetApiTest"/>
  <testcase name="testToVerifyPlanetNameToPopulation" time="0.000" classname="com.api.task.tests.PlanetApiTest"/>
  <testcase name="testToVerifyPlanetNameToClimate" time="0.000" classname="com.api.task.tests.PlanetApiTest"/>
  <testcase name="testToVerifyPlanetNameToDiameter" time="0.000" classname="com.api.task.tests.PlanetApiTest"/>
  <testcase name="testToVerifyPlanetNameToGravity" time="0.000" classname="com.api.task.tests.PlanetApiTest"/>
  <testcase name="testToVerifyPlanetNameInApiResponse" time="0.001" classname="com.api.task.tests.PlanetApiTest"/>
  <testcase name="testToVerifyPlanetNameToSurfaceWater" time="0.000" classname="com.api.task.tests.PlanetApiTest"/>
  <testcase name="testToVerifyPlanetNameToUrl" time="0.000" classname="com.api.task.tests.PlanetApiTest"/>
  <testcase name="testToVerifyPlanetNameToClimate" time="0.000" classname="com.api.task.tests.PlanetApiTest"/>
  <testcase name="testToVerifyPlanetNameToSurfaceWater" time="0.000" classname="com.api.task.tests.PlanetApiTest"/>
  <testcase name="testToVerifyPlanetNameToUrl" time="0.000" classname="com.api.task.tests.PlanetApiTest"/>
  <testcase name="testToVerifyPlanetNameToGravity" time="0.000" classname="com.api.task.tests.PlanetApiTest"/>
  <testcase name="testToVerifyApiResponseTimeForGetAllPlanetApi" time="0.008" classname="com.api.task.tests.PlanetApiTest"/>
  <testcase name="testToVerifyPlanetNameToUrl" time="0.000" classname="com.api.task.tests.PlanetApiTest"/>
  <testcase name="testToVerifyPlanetNameToPopulation" time="0.001" classname="com.api.task.tests.PlanetApiTest"/>
  <testcase name="testToVerifyPlanetNameToTerrain" time="0.000" classname="com.api.task.tests.PlanetApiTest"/>
  <testcase name="testToVerifyPlanetNameToPopulation" time="0.000" classname="com.api.task.tests.PlanetApiTest"/>
  <testcase name="testToVerifyPlanetNameInApiResponse" time="0.000" classname="com.api.task.tests.PlanetApiTest"/>
  <testcase name="testToVerifyPlanetNameToTerrain" time="0.000" classname="com.api.task.tests.PlanetApiTest"/>
  <testcase name="testToVerifyPlanetNameToClimate" time="0.001" classname="com.api.task.tests.PlanetApiTest"/>
  <testcase name="testToVerifyPlanetNameToRotationPeriod" time="0.001" classname="com.api.task.tests.PlanetApiTest"/>
  <testcase name="testToVerifyPlanetNameToTerrain" time="0.000" classname="com.api.task.tests.PlanetApiTest"/>
  <testcase name="testToVerifyPlanetNameToTerrain" time="0.000" classname="com.api.task.tests.PlanetApiTest"/>
  <testcase name="testToVerifyPlanetNameToTerrain" time="0.001" classname="com.api.task.tests.PlanetApiTest"/>
  <testcase name="testToVerifyPlanetNameToDiameter" time="0.000" classname="com.api.task.tests.PlanetApiTest"/>
  <testcase name="testToVerifyPlanetNameToUrl" time="0.000" classname="com.api.task.tests.PlanetApiTest"/>
  <testcase name="testToVerifyPlanetNameToPopulation" time="0.000" classname="com.api.task.tests.PlanetApiTest"/>
  <testcase name="testToVerifyPlanetNameToRotationPeriod" time="0.000" classname="com.api.task.tests.PlanetApiTest"/>
  <testcase name="testToVerifyPlanetNameToTerrain" time="0.000" classname="com.api.task.tests.PlanetApiTest"/>
  <testcase name="testToVerifyPlanetNameInApiResponse" time="0.001" classname="com.api.task.tests.PlanetApiTest"/>
  <testcase name="testToVerifyPlanetNameToGravity" time="0.000" classname="com.api.task.tests.PlanetApiTest"/>
  <testcase name="testToVerifyPlanetNameToTerrain" time="0.000" classname="com.api.task.tests.PlanetApiTest"/>
  <testcase name="testToVerifyPlanetNameToRotationPeriod" time="0.000" classname="com.api.task.tests.PlanetApiTest"/>
  <testcase name="testToVerifyPlanetNameInApiResponse" time="0.000" classname="com.api.task.tests.PlanetApiTest"/>
  <testcase name="testToVerifyPlanetNameToGravity" time="0.000" classname="com.api.task.tests.PlanetApiTest"/>
  <testcase name="testToVerifyPlanetNameToDiameter" time="0.000" classname="com.api.task.tests.PlanetApiTest"/>
  <testcase name="testToVerifyPlanetNameToTerrain" time="0.000" classname="com.api.task.tests.PlanetApiTest"/>
  <testcase name="testToVerifyPlanetNameToRotationPeriod" time="0.000" classname="com.api.task.tests.PlanetApiTest"/>
  <testcase name="testToVerifyPlanetNameToDiameter" time="0.000" classname="com.api.task.tests.PlanetApiTest"/>
  <testcase name="testToVerifyPlanetNameToUrl" time="0.000" classname="com.api.task.tests.PlanetApiTest"/>
  <testcase name="testToVerifyPlanetNameToClimate" time="0.000" classname="com.api.task.tests.PlanetApiTest"/>
  <testcase name="testToVerifyPlanetNameToPopulation" time="0.001" classname="com.api.task.tests.PlanetApiTest"/>
  <testcase name="testToVerifyPlanetNameToClimate" time="0.000" classname="com.api.task.tests.PlanetApiTest"/>
  <testcase name="testToVerifyPlanetNameToSurfaceWater" time="0.000" classname="com.api.task.tests.PlanetApiTest"/>
  <testcase name="testToVerifyPlanetNameToClimate" time="0.000" classname="com.api.task.tests.PlanetApiTest"/>
  <testcase name="testToVerifyPlanetNameToSurfaceWater" time="0.000" classname="com.api.task.tests.PlanetApiTest"/>
  <testcase name="testToVerifyPlanetNameInApiResponse" time="0.000" classname="com.api.task.tests.PlanetApiTest"/>
  <testcase name="testToVerifyPlanetNameToRotationPeriod" time="0.000" classname="com.api.task.tests.PlanetApiTest"/>
  <testcase name="testToVerifyPlanetNameToSurfaceWater" time="0.000" classname="com.api.task.tests.PlanetApiTest"/>
  <testcase name="testToVerifyPlanetNameToTerrain" time="0.000" classname="com.api.task.tests.PlanetApiTest"/>
  <testcase name="testToVerifyPlanetNameToPopulation" time="0.000" classname="com.api.task.tests.PlanetApiTest"/>
  <testcase name="testToVerifyPlanetNameToClimate" time="0.001" classname="com.api.task.tests.PlanetApiTest"/>
  <testcase name="testToVerifyPlanetNameToDiameter" time="0.000" classname="com.api.task.tests.PlanetApiTest"/>
  <testcase name="testToVerifyPlanetNameToPopulation" time="0.000" classname="com.api.task.tests.PlanetApiTest"/>
  <testcase name="testToVerifyPlanetNameToSurfaceWater" time="0.000" classname="com.api.task.tests.PlanetApiTest"/>
  <testcase name="testToVerifyPlanetNameToSurfaceWater" time="0.000" classname="com.api.task.tests.PlanetApiTest"/>
  <testcase name="testToVerifyPlanetNameToClimate" time="0.000" classname="com.api.task.tests.PlanetApiTest"/>
  <testcase name="testToVerifyPlanetNameToRotationPeriod" time="0.000" classname="com.api.task.tests.PlanetApiTest"/>
  <testcase name="testToVerifyPlanetNameToDiameter" time="0.000" classname="com.api.task.tests.PlanetApiTest"/>
  <testcase name="testToVerifyPlanetNameToSurfaceWater" time="0.000" classname="com.api.task.tests.PlanetApiTest"/>
  <testcase name="testToVerifyPlanetNameToTerrain" time="0.000" classname="com.api.task.tests.PlanetApiTest"/>
  <testcase name="testToVerifyPlanetNameToPopulation" time="0.000" classname="com.api.task.tests.PlanetApiTest"/>
  <testcase name="testToVerifyPlanetNameToUrl" time="0.000" classname="com.api.task.tests.PlanetApiTest"/>
  <testcase name="testToVerifyPlanetNameToUrl" time="0.000" classname="com.api.task.tests.PlanetApiTest"/>
  <testcase name="testToVerifyPlanetNameToGravity" time="0.000" classname="com.api.task.tests.PlanetApiTest"/>
  <testcase name="testToVerifyPlanetNameToDiameter" time="0.000" classname="com.api.task.tests.PlanetApiTest"/>
  <testcase name="testToVerifyPlanetNameToDiameter" time="0.000" classname="com.api.task.tests.PlanetApiTest"/>
  <testcase name="testToVerifyPlanetNameToDiameter" time="0.000" classname="com.api.task.tests.PlanetApiTest"/>
  <testcase name="testToVerifyPlanetNameToTerrain" time="0.000" classname="com.api.task.tests.PlanetApiTest"/>
  <testcase name="testToVerifyPlanetNameToPopulation" time="0.000" classname="com.api.task.tests.PlanetApiTest"/>
  <testcase name="testToVerifyPlanetNameToUrl" time="0.000" classname="com.api.task.tests.PlanetApiTest"/>
  <testcase name="testToVerifyPlanetNameToClimate" time="0.000" classname="com.api.task.tests.PlanetApiTest"/>
  <testcase name="testToVerifyPlanetNameToClimate" time="0.000" classname="com.api.task.tests.PlanetApiTest"/>
  <testcase name="testToVerifyPlanetNameToDiameter" time="0.000" classname="com.api.task.tests.PlanetApiTest"/>
  <testcase name="testToVerifyPlanetNameToDiameter" time="0.000" classname="com.api.task.tests.PlanetApiTest"/>
  <testcase name="testToVerifyPlanetNameToSurfaceWater" time="0.000" classname="com.api.task.tests.PlanetApiTest"/>
  <testcase name="testToVerifyPlanetNameToGravity" time="0.000" classname="com.api.task.tests.PlanetApiTest"/>
  <testcase name="testToVerifyPlanetNameToSurfaceWater" time="0.000" classname="com.api.task.tests.PlanetApiTest"/>
  <testcase name="testToVerifyPlanetNameToUrl" time="0.000" classname="com.api.task.tests.PlanetApiTest"/>
  <testcase name="testToVerifyPlanetNameToClimate" time="0.000" classname="com.api.task.tests.PlanetApiTest"/>
  <testcase name="testToVerifyPlanetNameToPopulation" time="0.000" classname="com.api.task.tests.PlanetApiTest"/>
  <testcase name="testToVerifyPlanetNameToGravity" time="0.000" classname="com.api.task.tests.PlanetApiTest"/>
  <testcase name="testToVerifyPlanetNameToRotationPeriod" time="0.000" classname="com.api.task.tests.PlanetApiTest"/>
  <testcase name="testToVerifyPlanetNameToClimate" time="0.000" classname="com.api.task.tests.PlanetApiTest"/>
  <testcase name="testToVerifyPlanetNameToPopulation" time="0.000" classname="com.api.task.tests.PlanetApiTest"/>
  <testcase name="testToVerifyPlanetNameToRotationPeriod" time="0.000" classname="com.api.task.tests.PlanetApiTest"/>
  <testcase name="testToVerifyPlanetNameToTerrain" time="0.000" classname="com.api.task.tests.PlanetApiTest"/>
  <testcase name="testToVerifyPlanetNameToClimate" time="0.000" classname="com.api.task.tests.PlanetApiTest"/>
  <testcase name="testToVerifyPlanetNameInApiResponse" time="0.000" classname="com.api.task.tests.PlanetApiTest"/>
  <testcase name="testToVerifyPlanetNameToRotationPeriod" time="0.000" classname="com.api.task.tests.PlanetApiTest"/>
  <testcase name="testToVerifyPlanetNameToTerrain" time="0.001" classname="com.api.task.tests.PlanetApiTest"/>
  <testcase name="testToVerifyPlanetNameToUrl" time="0.000" classname="com.api.task.tests.PlanetApiTest"/>
  <testcase name="testToVerifyPlanetNameToRotationPeriod" time="0.000" classname="com.api.task.tests.PlanetApiTest"/>
  <testcase name="testToVerifyPlanetNameToTerrain" time="0.001" classname="com.api.task.tests.PlanetApiTest"/>
  <testcase name="testToVerifyPlanetNameToPopulation" time="0.000" classname="com.api.task.tests.PlanetApiTest"/>
  <testcase name="testToVerifyPlanetNameInApiResponse" time="0.001" classname="com.api.task.tests.PlanetApiTest"/>
  <testcase name="testToVerifyPlanetNameToClimate" time="0.000" classname="com.api.task.tests.PlanetApiTest"/>
  <testcase name="testToVerifyPlanetNameToUrl" time="0.000" classname="com.api.task.tests.PlanetApiTest"/>
  <testcase name="testToVerifyPlanetNameToClimate" time="0.000" classname="com.api.task.tests.PlanetApiTest"/>
  <testcase name="testToVerifyPlanetNameToDiameter" time="0.000" classname="com.api.task.tests.PlanetApiTest"/>
  <testcase name="testToVerifyPlanetNameToGravity" time="0.000" classname="com.api.task.tests.PlanetApiTest"/>
  <testcase name="testToVerifyPlanetNameToGravity" time="0.000" classname="com.api.task.tests.PlanetApiTest"/>
  <testcase name="testToVerifyPlanetNameToClimate" time="0.000" classname="com.api.task.tests.PlanetApiTest"/>
  <testcase name="testToVerifyPlanetNameToPopulation" time="0.001" classname="com.api.task.tests.PlanetApiTest"/>
  <testcase name="testToVerifyPlanetNameToPopulation" time="0.000" classname="com.api.task.tests.PlanetApiTest"/>
  <testcase name="testToVerifyPlanetNameToClimate" time="0.000" classname="com.api.task.tests.PlanetApiTest"/>
  <testcase name="testToVerifyPlanetNameToRotationPeriod" time="0.001" classname="com.api.task.tests.PlanetApiTest"/>
  <testcase name="testToVerifyPlanetNameToRotationPeriod" time="0.001" classname="com.api.task.tests.PlanetApiTest"/>
  <testcase name="testToVerifyPlanetNameToDiameter" time="0.000" classname="com.api.task.tests.PlanetApiTest"/>
  <testcase name="testToVerifyPlanetNameToUrl" time="0.000" classname="com.api.task.tests.PlanetApiTest"/>
  <testcase name="testToVerifyPlanetNameToTerrain" time="0.000" classname="com.api.task.tests.PlanetApiTest"/>
  <testcase name="testToVerifyPlanetNameToPopulation" time="0.000" classname="com.api.task.tests.PlanetApiTest"/>
  <testcase name="testToVerifyPlanetNameInApiResponse" time="0.001" classname="com.api.task.tests.PlanetApiTest"/>
  <testcase name="testToVerifyPlanetNameToSurfaceWater" time="0.000" classname="com.api.task.tests.PlanetApiTest"/>
  <testcase name="testToVerifyPlanetNameToSurfaceWater" time="0.000" classname="com.api.task.tests.PlanetApiTest"/>
  <testcase name="testToVerifyPlanetNameToClimate" time="0.000" classname="com.api.task.tests.PlanetApiTest"/>
  <testcase name="testToVerifyPlanetNameInApiResponse" time="0.000" classname="com.api.task.tests.PlanetApiTest"/>
  <testcase name="testToVerifyPlanetNameToTerrain" time="0.000" classname="com.api.task.tests.PlanetApiTest"/>
  <testcase name="testToVerifyPlanetNameToClimate" time="0.000" classname="com.api.task.tests.PlanetApiTest"/>
  <testcase name="testToVerifyPlanetNameToRotationPeriod" time="0.001" classname="com.api.task.tests.PlanetApiTest"/>
  <testcase name="testToVerifyPlanetNameToPopulation" time="0.000" classname="com.api.task.tests.PlanetApiTest"/>
  <testcase name="testToVerifyPlanetNameToGravity" time="0.000" classname="com.api.task.tests.PlanetApiTest"/>
  <testcase name="testToVerifyPlanetNameToTerrain" time="0.000" classname="com.api.task.tests.PlanetApiTest"/>
  <testcase name="testToVerifyPlanetNameToGravity" time="0.000" classname="com.api.task.tests.PlanetApiTest"/>
  <testcase name="testToVerifyPlanetNameToPopulation" time="0.000" classname="com.api.task.tests.PlanetApiTest"/>
  <testcase name="testToVerifyPlanetNameToSurfaceWater" time="0.000" classname="com.api.task.tests.PlanetApiTest"/>
  <testcase name="testToVerifyPlanetNameToRotationPeriod" time="0.001" classname="com.api.task.tests.PlanetApiTest"/>
  <testcase name="testToVerifyPlanetNameToRotationPeriod" time="0.000" classname="com.api.task.tests.PlanetApiTest"/>
  <testcase name="testToVerifyPlanetNameToClimate" time="0.000" classname="com.api.task.tests.PlanetApiTest"/>
  <testcase name="testToVerifyPlanetNameToGravity" time="0.000" classname="com.api.task.tests.PlanetApiTest"/>
  <testcase name="testToVerifyPlanetNameInApiResponse" time="0.001" classname="com.api.task.tests.PlanetApiTest"/>
  <testcase name="testToVerifyPlanetNameToRotationPeriod" time="0.000" classname="com.api.task.tests.PlanetApiTest"/>
  <testcase name="testToVerifyPlanetNameInApiResponse" time="0.000" classname="com.api.task.tests.PlanetApiTest"/>
  <testcase name="testToVerifyPlanetNameToUrl" time="0.000" classname="com.api.task.tests.PlanetApiTest"/>
  <testcase name="testToVerifyPlanetNameToTerrain" time="0.001" classname="com.api.task.tests.PlanetApiTest"/>
  <testcase name="testToVerifyPlanetNameInApiResponse" time="0.000" classname="com.api.task.tests.PlanetApiTest"/>
  <testcase name="testToVerifyPlanetNameInApiResponse" time="0.000" classname="com.api.task.tests.PlanetApiTest"/>
  <testcase name="testToVerifyPlanetNameToPopulation" time="0.000" classname="com.api.task.tests.PlanetApiTest"/>
  <testcase name="testToVerifyPlanetNameToGravity" time="0.000" classname="com.api.task.tests.PlanetApiTest"/>
  <testcase name="testToVerifyPlanetNameInApiResponse" time="0.000" classname="com.api.task.tests.PlanetApiTest"/>
  <testcase name="testToVerifyPlanetNameToClimate" time="0.000" classname="com.api.task.tests.PlanetApiTest"/>
  <testcase name="testToVerifyPlanetNameToRotationPeriod" time="0.000" classname="com.api.task.tests.PlanetApiTest"/>
  <testcase name="testToVerifyPlanetNameToGravity" time="0.000" classname="com.api.task.tests.PlanetApiTest"/>
  <testcase name="testToVerifyPlanetNameToTerrain" time="0.000" classname="com.api.task.tests.PlanetApiTest"/>
  <testcase name="testToVerifyPlanetNameToUrl" time="0.001" classname="com.api.task.tests.PlanetApiTest"/>
  <testcase name="testToVerifyPlanetNameToDiameter" time="0.000" classname="com.api.task.tests.PlanetApiTest"/>
  <testcase name="testToVerifyPlanetNameInApiResponse" time="0.000" classname="com.api.task.tests.PlanetApiTest"/>
  <testcase name="testToVerifyPlanetNameToGravity" time="0.000" classname="com.api.task.tests.PlanetApiTest"/>
  <testcase name="testToVerifyPlanetNameToDiameter" time="0.000" classname="com.api.task.tests.PlanetApiTest"/>
  <testcase name="testToVerifyPlanetNameToUrl" time="0.000" classname="com.api.task.tests.PlanetApiTest"/>
  <testcase name="testToVerifyPlanetNameToSurfaceWater" time="0.000" classname="com.api.task.tests.PlanetApiTest"/>
  <testcase name="testToVerifyPlanetNameToSurfaceWater" time="0.000" classname="com.api.task.tests.PlanetApiTest"/>
  <testcase name="testToVerifyPlanetNameInApiResponse" time="0.001" classname="com.api.task.tests.PlanetApiTest"/>
  <testcase name="testToVerifyPlanetNameToGravity" time="0.000" classname="com.api.task.tests.PlanetApiTest"/>
  <testcase name="testToVerifyPlanetNameToGravity" time="0.000" classname="com.api.task.tests.PlanetApiTest"/>
  <testcase name="testToVerifyPlanetNameToDiameter" time="0.000" classname="com.api.task.tests.PlanetApiTest"/>
  <testcase name="testToVerifyPlanetNameToTerrain" time="0.000" classname="com.api.task.tests.PlanetApiTest"/>
  <testcase name="testToVerifyPlanetNameInApiResponse" time="0.000" classname="com.api.task.tests.PlanetApiTest"/>
  <testcase name="testToVerifyPlanetNameToUrl" time="0.000" classname="com.api.task.tests.PlanetApiTest"/>
  <testcase name="testToVerifyPlanetNameToRotationPeriod" time="0.000" classname="com.api.task.tests.PlanetApiTest"/>
  <testcase name="testToVerifyPlanetNameToGravity" time="0.000" classname="com.api.task.tests.PlanetApiTest"/>
  <testcase name="testToVerifyPlanetNameToClimate" time="0.000" classname="com.api.task.tests.PlanetApiTest"/>
  <testcase name="testToVerifyPlanetNameToGravity" time="0.000" classname="com.api.task.tests.PlanetApiTest"/>
  <testcase name="testToVerifyPlanetNameInApiResponse" time="0.000" classname="com.api.task.tests.PlanetApiTest"/>
  <testcase name="testToVerifyPlanetNameToTerrain" time="0.000" classname="com.api.task.tests.PlanetApiTest"/>
  <testcase name="testToVerifyPlanetNameToUrl" time="0.000" classname="com.api.task.tests.PlanetApiTest"/>
  <testcase name="testToVerifyPlanetNameToUrl" time="0.000" classname="com.api.task.tests.PlanetApiTest"/>
  <testcase name="testToVerifyPlanetNameToClimate" time="0.000" classname="com.api.task.tests.PlanetApiTest"/>
  <testcase name="testToVerifyPlanetNameToUrl" time="0.000" classname="com.api.task.tests.PlanetApiTest"/>
  <testcase name="testToVerifyPlanetNameToClimate" time="0.000" classname="com.api.task.tests.PlanetApiTest"/>
  <testcase name="testToVerifyPlanetNameToRotationPeriod" time="0.000" classname="com.api.task.tests.PlanetApiTest"/>
  <testcase name="testToVerifyPlanetNameToClimate" time="0.000" classname="com.api.task.tests.PlanetApiTest"/>
  <testcase name="testToVerifyPlanetNameToDiameter" time="0.000" classname="com.api.task.tests.PlanetApiTest"/>
  <testcase name="testToVerifyPlanetNameToSurfaceWater" time="0.000" classname="com.api.task.tests.PlanetApiTest"/>
  <testcase name="testToVerifyPlanetNameInApiResponse" time="0.000" classname="com.api.task.tests.PlanetApiTest"/>
  <testcase name="testToVerifyPlanetNameToTerrain" time="0.000" classname="com.api.task.tests.PlanetApiTest"/>
  <testcase name="testToVerifyPlanetNameInApiResponse" time="0.000" classname="com.api.task.tests.PlanetApiTest"/>
  <testcase name="testToVerifyPlanetNameToGravity" time="0.000" classname="com.api.task.tests.PlanetApiTest"/>
  <testcase name="testToVerifyPlanetNameInApiResponse" time="0.000" classname="com.api.task.tests.PlanetApiTest"/>
  <testcase name="testToVerifyPlanetNameToPopulation" time="0.000" classname="com.api.task.tests.PlanetApiTest"/>
  <testcase name="testToVerifyPlanetNameToSurfaceWater" time="0.000" classname="com.api.task.tests.PlanetApiTest"/>
  <testcase name="testToVerifyPlanetNameToDiameter" time="0.000" classname="com.api.task.tests.PlanetApiTest"/>
  <testcase name="testToVerifyPlanetNameToGravity" time="0.000" classname="com.api.task.tests.PlanetApiTest"/>
  <testcase name="testToVerifyPlanetNameToRotationPeriod" time="0.000" classname="com.api.task.tests.PlanetApiTest"/>
  <testcase name="testToVerifyPlanetNameToUrl" time="0.000" classname="com.api.task.tests.PlanetApiTest"/>
  <testcase name="testToVerifyPlanetNameToRotationPeriod" time="0.000" classname="com.api.task.tests.PlanetApiTest"/>
  <testcase name="testToVerifyPlanetNameToGravity" time="0.000" classname="com.api.task.tests.PlanetApiTest"/>
  <testcase name="testToVerifyPlanetNameToTerrain" time="0.000" classname="com.api.task.tests.PlanetApiTest"/>
  <testcase name="testToVerifyPlanetNameToGravity" time="0.000" classname="com.api.task.tests.PlanetApiTest"/>
  <testcase name="testToVerifyPlanetNameToClimate" time="0.000" classname="com.api.task.tests.PlanetApiTest"/>
  <testcase name="testToVerifyPlanetNameToRotationPeriod" time="0.000" classname="com.api.task.tests.PlanetApiTest"/>
  <testcase name="testToVerifyPlanetNameToDiameter" time="0.001" classname="com.api.task.tests.PlanetApiTest"/>
  <testcase name="testToVerifyPlanetNameToUrl" time="0.000" classname="com.api.task.tests.PlanetApiTest"/>
  <testcase name="testToVerifyPlanetNameInApiResponse" time="0.000" classname="com.api.task.tests.PlanetApiTest"/>
  <testcase name="testToVerifyPlanetNameInApiResponse" time="0.000" classname="com.api.task.tests.PlanetApiTest"/>
  <testcase name="testToVerifyPlanetNameToRotationPeriod" time="0.000" classname="com.api.task.tests.PlanetApiTest"/>
  <testcase name="testToVerifyPlanetNameToRotationPeriod" time="0.000" classname="com.api.task.tests.PlanetApiTest"/>
  <testcase name="testToVerifyPlanetNameToSurfaceWater" time="0.000" classname="com.api.task.tests.PlanetApiTest"/>
  <testcase name="testToVerifyPlanetNameToDiameter" time="0.000" classname="com.api.task.tests.PlanetApiTest"/>
  <testcase name="testToVerifyPlanetNameToSurfaceWater" time="0.000" classname="com.api.task.tests.PlanetApiTest"/>
  <testcase name="testToVerifyPlanetNameToClimate" time="0.000" classname="com.api.task.tests.PlanetApiTest"/>
  <testcase name="testToVerifyPlanetNameToClimate" time="0.000" classname="com.api.task.tests.PlanetApiTest"/>
  <testcase name="testToVerifyPlanetNameToUrl" time="0.000" classname="com.api.task.tests.PlanetApiTest"/>
  <testcase name="testToVerifyPlanetNameToSurfaceWater" time="0.000" classname="com.api.task.tests.PlanetApiTest"/>
  <testcase name="testToVerifyPlanetNameToClimate" time="0.000" classname="com.api.task.tests.PlanetApiTest"/>
  <testcase name="testToVerifyPlanetNameToSurfaceWater" time="0.000" classname="com.api.task.tests.PlanetApiTest"/>
  <testcase name="testToVerifyPlanetNameToSurfaceWater" time="0.000" classname="com.api.task.tests.PlanetApiTest"/>
  <testcase name="testToVerifyPlanetNameToDiameter" time="0.000" classname="com.api.task.tests.PlanetApiTest"/>
  <testcase name="testToVerifyPlanetNameToDiameter" time="0.000" classname="com.api.task.tests.PlanetApiTest"/>
  <testcase name="testToVerifyPlanetNameToUrl" time="0.000" classname="com.api.task.tests.PlanetApiTest"/>
  <testcase name="testToVerifyPlanetNameToRotationPeriod" time="0.000" classname="com.api.task.tests.PlanetApiTest"/>
  <testcase name="testToVerifyPlanetNameToTerrain" time="0.000" classname="com.api.task.tests.PlanetApiTest"/>
  <testcase name="testToVerifyPlanetNameToTerrain" time="0.000" classname="com.api.task.tests.PlanetApiTest"/>
  <testcase name="testToVerifyPlanetNameInApiResponse" time="0.000" classname="com.api.task.tests.PlanetApiTest"/>
  <testcase name="testToVerifyPlanetNameToClimate" time="0.000" classname="com.api.task.tests.PlanetApiTest"/>
  <testcase name="testToVerifyPlanetNameToSurfaceWater" time="0.000" classname="com.api.task.tests.PlanetApiTest"/>
  <testcase name="testToVerifyPlanetNameToTerrain" time="0.001" classname="com.api.task.tests.PlanetApiTest"/>
  <testcase name="testToVerifyPlanetNameToGravity" time="0.001" classname="com.api.task.tests.PlanetApiTest"/>
  <testcase name="testToVerifyPlanetNameToRotationPeriod" time="0.000" classname="com.api.task.tests.PlanetApiTest"/>
  <testcase name="testToVerifyPlanetNameToSurfaceWater" time="0.000" classname="com.api.task.tests.PlanetApiTest"/>
  <testcase name="testToVerifyPlanetNameToDiameter" time="0.000" classname="com.api.task.tests.PlanetApiTest"/>
  <testcase name="testToVerifyPlanetNameInApiResponse" time="0.001" classname="com.api.task.tests.PlanetApiTest"/>
  <testcase name="testToVerifyPlanetNameToPopulation" time="0.000" classname="com.api.task.tests.PlanetApiTest"/>
  <testcase name="testToVerifyPlanetNameToRotationPeriod" time="0.000" classname="com.api.task.tests.PlanetApiTest"/>
  <testcase name="testToVerifyPlanetNameToClimate" time="0.000" classname="com.api.task.tests.PlanetApiTest"/>
  <testcase name="testToVerifyPlanetNameToSurfaceWater" time="0.000" classname="com.api.task.tests.PlanetApiTest"/>
  <testcase name="testToVerifyPlanetNameToGravity" time="0.000" classname="com.api.task.tests.PlanetApiTest"/>
  <testcase name="testToVerifyPlanetNameToSurfaceWater" time="0.000" classname="com.api.task.tests.PlanetApiTest"/>
  <testcase name="testToVerifyPlanetNameToPopulation" time="0.000" classname="com.api.task.tests.PlanetApiTest"/>
  <testcase name="testToVerifyPlanetNameToTerrain" time="0.000" classname="com.api.task.tests.PlanetApiTest"/>
  <testcase name="testToVerifyPlanetNameToTerrain" time="0.000" classname="com.api.task.tests.PlanetApiTest"/>
  <testcase name="testToVerifyPlanetNameToTerrain" time="0.000" classname="com.api.task.tests.PlanetApiTest"/>
  <testcase name="testToVerifyPlanetNameToSurfaceWater" time="0.000" classname="com.api.task.tests.PlanetApiTest"/>
  <testcase name="testToVerifyPlanetNameInApiResponse" time="0.000" classname="com.api.task.tests.PlanetApiTest"/>
  <testcase name="testToVerifyPlanetNameToUrl" time="0.000" classname="com.api.task.tests.PlanetApiTest"/>
  <testcase name="testToVerifyPlanetNameToUrl" time="0.000" classname="com.api.task.tests.PlanetApiTest"/>
  <testcase name="testToVerifyPlanetNameToDiameter" time="0.000" classname="com.api.task.tests.PlanetApiTest"/>
  <testcase name="testToVerifyPlanetNameToClimate" time="0.001" classname="com.api.task.tests.PlanetApiTest"/>
  <testcase name="testToVerifyPlanetNameToTerrain" time="0.000" classname="com.api.task.tests.PlanetApiTest"/>
  <testcase name="testToVerifyPlanetNameToRotationPeriod" time="0.001" classname="com.api.task.tests.PlanetApiTest"/>
  <testcase name="testToVerifyPlanetNameToGravity" time="0.000" classname="com.api.task.tests.PlanetApiTest"/>
  <testcase name="testToVerifyPlanetNameToPopulation" time="0.000" classname="com.api.task.tests.PlanetApiTest"/>
  <testcase name="testToVerifyPlanetNameToPopulation" time="0.000" classname="com.api.task.tests.PlanetApiTest"/>
  <testcase name="testToVerifyPlanetNameToUrl" time="0.001" classname="com.api.task.tests.PlanetApiTest"/>
  <testcase name="testToVerifyPlanetNameToUrl" time="0.000" classname="com.api.task.tests.PlanetApiTest"/>
  <testcase name="testToVerifyPlanetNameToUrl" time="0.000" classname="com.api.task.tests.PlanetApiTest"/>
  <testcase name="testToVerifyPlanetNameInApiResponse" time="0.000" classname="com.api.task.tests.PlanetApiTest"/>
  <testcase name="testToVerifyPlanetNameToSurfaceWater" time="0.001" classname="com.api.task.tests.PlanetApiTest"/>
  <testcase name="testToVerifyPlanetNameToUrl" time="0.000" classname="com.api.task.tests.PlanetApiTest"/>
  <testcase name="testToVerifyResponseForInvalidApiUrl" time="0.154" classname="com.api.task.tests.PlanetApiTest"/>
  <testcase name="testToVerifyPlanetNameToSurfaceWater" time="0.000" classname="com.api.task.tests.PlanetApiTest"/>
  <testcase name="testToVerifyPlanetNameToGravity" time="0.000" classname="com.api.task.tests.PlanetApiTest"/>
  <testcase name="testToVerifyPlanetNameToSurfaceWater" time="0.001" classname="com.api.task.tests.PlanetApiTest"/>
  <testcase name="testToVerifyPlanetNameInApiResponse" time="0.000" classname="com.api.task.tests.PlanetApiTest"/>
  <testcase name="testToVerifyPlanetNameToSurfaceWater" time="0.000" classname="com.api.task.tests.PlanetApiTest"/>
  <testcase name="testToVerifyPlanetNameToClimate" time="0.000" classname="com.api.task.tests.PlanetApiTest"/>
  <testcase name="testToVerifyPlanetNameToDiameter" time="0.000" classname="com.api.task.tests.PlanetApiTest"/>
  <testcase name="testToVerifyPlanetNameToGravity" time="0.000" classname="com.api.task.tests.PlanetApiTest"/>
  <testcase name="testToVerifyPlanetNameToRotationPeriod" time="0.000" classname="com.api.task.tests.PlanetApiTest"/>
  <testcase name="testToVerifyPlanetNameToRotationPeriod" time="0.000" classname="com.api.task.tests.PlanetApiTest"/>
  <testcase name="testToVerifyPlanetNameInApiResponse" time="0.000" classname="com.api.task.tests.PlanetApiTest"/>
  <testcase name="testToVerifyPlanetNameToPopulation" time="0.001" classname="com.api.task.tests.PlanetApiTest"/>
  <testcase name="testToVerifyPlanetNameToSurfaceWater" time="0.000" classname="com.api.task.tests.PlanetApiTest"/>
  <testcase name="testToVerifyPlanetNameToSurfaceWater" time="0.000" classname="com.api.task.tests.PlanetApiTest"/>
  <testcase name="testToVerifyPlanetNameToGravity" time="0.000" classname="com.api.task.tests.PlanetApiTest"/>
  <testcase name="testToVerifyPlanetNameToClimate" time="0.000" classname="com.api.task.tests.PlanetApiTest"/>
  <testcase name="testToVerifyPlanetNameToDiameter" time="0.000" classname="com.api.task.tests.PlanetApiTest"/>
  <testcase name="testToVerifyPlanetNameToDiameter" time="0.001" classname="com.api.task.tests.PlanetApiTest"/>
  <testcase name="testToVerifyStatusCodeForGetAllPlanetApi" time="0.002" classname="com.api.task.tests.PlanetApiTest">
    <failure type="java.lang.AssertionError" message="The following asserts failed:
	Response status code is not 200, instead 404 for API : https://swapi.co/api/planets expected [true] but found [false]">
      <![CDATA[java.lang.AssertionError: The following asserts failed:
Response status code is not 200, instead 404 for API : https://swapi.co/api/planets expected [true] but found [false]
at org.testng.asserts.SoftAssert.assertAll(SoftAssert.java:43)
at com.api.task.tests.PlanetApiTest.testToVerifyStatusCodeForGetAllPlanetApi(PlanetApiTest.java:58)
at sun.reflect.NativeMethodAccessorImpl.invoke0(Native Method)
at sun.reflect.NativeMethodAccessorImpl.invoke(NativeMethodAccessorImpl.java:62)
at sun.reflect.DelegatingMethodAccessorImpl.invoke(DelegatingMethodAccessorImpl.java:43)
at java.lang.reflect.Method.invoke(Method.java:498)
at org.testng.internal.MethodInvocationHelper.invokeMethod(MethodInvocationHelper.java:124)
at org.testng.internal.Invoker.invokeMethod(Invoker.java:583)
at org.testng.internal.Invoker.invokeTestMethod(Invoker.java:719)
at org.testng.internal.Invoker.invokeTestMethods(Invoker.java:989)
at org.testng.internal.TestMethodWorker.invokeTestMethods(TestMethodWorker.java:125)
at org.testng.internal.TestMethodWorker.run(TestMethodWorker.java:109)
at org.testng.TestRunner.privateRun(TestRunner.java:648)
at org.testng.TestRunner.run(TestRunner.java:505)
at org.testng.SuiteRunner.runTest(SuiteRunner.java:455)
at org.testng.SuiteRunner.runSequentially(SuiteRunner.java:450)
at org.testng.SuiteRunner.privateRun(SuiteRunner.java:415)
at org.testng.SuiteRunner.run(SuiteRunner.java:364)
at org.testng.SuiteRunnerWorker.runSuite(SuiteRunnerWorker.java:52)
at org.testng.SuiteRunnerWorker.run(SuiteRunnerWorker.java:84)
at org.testng.TestNG.runSuitesSequentially(TestNG.java:1208)
at org.testng.TestNG.runSuitesLocally(TestNG.java:1137)
at org.testng.TestNG.runSuites(TestNG.java:1049)
at org.testng.TestNG.run(TestNG.java:1017)
at org.apache.maven.surefire.testng.TestNGExecutor.run(TestNGExecutor.java:77)
at org.apache.maven.surefire.testng.TestNGDirectoryTestSuite.executeMulti(TestNGDirectoryTestSuite.java:159)
at org.apache.maven.surefire.testng.TestNGDirectoryTestSuite.execute(TestNGDirectoryTestSuite.java:99)
at org.apache.maven.surefire.testng.TestNGProvider.invoke(TestNGProvider.java:106)
at sun.reflect.NativeMethodAccessorImpl.invoke0(Native Method)
at sun.reflect.NativeMethodAccessorImpl.invoke(NativeMethodAccessorImpl.java:62)
at sun.reflect.DelegatingMethodAccessorImpl.invoke(DelegatingMethodAccessorImpl.java:43)
at java.lang.reflect.Method.invoke(Method.java:498)
at org.apache.maven.surefire.util.ReflectionUtils.invokeMethodWithArray(ReflectionUtils.java:189)
at org.apache.maven.surefire.booter.ProviderFactory$ProviderProxy.invoke(ProviderFactory.java:165)
at org.apache.maven.surefire.booter.ProviderFactory.invokeProvider(ProviderFactory.java:85)
at org.apache.maven.surefire.booter.ForkedBooter.runSuitesInProcess(ForkedBooter.java:115)
at org.apache.maven.surefire.booter.ForkedBooter.main(ForkedBooter.java:75)
]]>
    </failure>
  </testcase> <!-- testToVerifyStatusCodeForGetAllPlanetApi -->
  <testcase name="testToVerifyPlanetNameToPopulation" time="0.000" classname="com.api.task.tests.PlanetApiTest"/>
  <testcase name="testToVerifyPlanetNameToSurfaceWater" time="0.000" classname="com.api.task.tests.PlanetApiTest"/>
  <testcase name="testToVerifyPlanetNameToUrl" time="0.000" classname="com.api.task.tests.PlanetApiTest"/>
  <testcase name="testToVerifyPlanetNameToClimate" time="0.000" classname="com.api.task.tests.PlanetApiTest"/>
  <testcase name="testToVerifyPlanetNameToRotationPeriod" time="0.000" classname="com.api.task.tests.PlanetApiTest"/>
  <testcase name="testToVerifyPlanetNameInApiResponse" time="0.000" classname="com.api.task.tests.PlanetApiTest"/>
  <testcase name="testToVerifyPlanetNameToRotationPeriod" time="0.000" classname="com.api.task.tests.PlanetApiTest"/>
  <testcase name="testToVerifyPlanetNameToGravity" time="0.000" classname="com.api.task.tests.PlanetApiTest"/>
  <testcase name="testToVerifyPlanetNameToDiameter" time="0.000" classname="com.api.task.tests.PlanetApiTest"/>
  <testcase name="testToVerifyPlanetNameToClimate" time="0.000" classname="com.api.task.tests.PlanetApiTest"/>
  <testcase name="testToVerifyPlanetNameToPopulation" time="0.000" classname="com.api.task.tests.PlanetApiTest"/>
  <testcase name="testToVerifyPlanetNameInApiResponse" time="0.000" classname="com.api.task.tests.PlanetApiTest"/>
  <testcase name="testToVerifyPlanetNameToRotationPeriod" time="0.000" classname="com.api.task.tests.PlanetApiTest"/>
  <testcase name="testToVerifyPlanetNameToPopulation" time="0.000" classname="com.api.task.tests.PlanetApiTest"/>
  <testcase name="testToVerifyPlanetNameToRotationPeriod" time="0.000" classname="com.api.task.tests.PlanetApiTest"/>
  <testcase name="testToVerifyPlanetNameToUrl" time="0.000" classname="com.api.task.tests.PlanetApiTest"/>
  <testcase name="testToVerifyPlanetNameToPopulation" time="0.000" classname="com.api.task.tests.PlanetApiTest"/>
  <testcase name="testToVerifyPlanetNameToClimate" time="0.001" classname="com.api.task.tests.PlanetApiTest"/>
  <testcase name="testToVerifyPlanetNameInApiResponse" time="0.000" classname="com.api.task.tests.PlanetApiTest"/>
  <testcase name="testToVerifyPlanetNameInApiResponse" time="0.000" classname="com.api.task.tests.PlanetApiTest"/>
  <testcase name="testToVerifyPlanetNameToUrl" time="0.000" classname="com.api.task.tests.PlanetApiTest"/>
  <testcase name="testToVerifyPlanetNameToTerrain" time="0.000" classname="com.api.task.tests.PlanetApiTest"/>
  <testcase name="testToVerifyPlanetNameToUrl" time="0.000" classname="com.api.task.tests.PlanetApiTest"/>
  <testcase name="testToVerifyPlanetNameToTerrain" time="0.000" classname="com.api.task.tests.PlanetApiTest"/>
  <testcase name="testToVerifyPlanetNameToClimate" time="0.000" classname="com.api.task.tests.PlanetApiTest"/>
  <testcase name="testToVerifyPlanetNameToGravity" time="0.000" classname="com.api.task.tests.PlanetApiTest"/>
  <testcase name="testToVerifyPlanetNameToPopulation" time="0.000" classname="com.api.task.tests.PlanetApiTest"/>
  <testcase name="testToVerifyPlanetNameToRotationPeriod" time="0.000" classname="com.api.task.tests.PlanetApiTest"/>
  <testcase name="testToVerifyPlanetNameToGravity" time="0.000" classname="com.api.task.tests.PlanetApiTest"/>
  <testcase name="testToVerifyPlanetNameToUrl" time="0.000" classname="com.api.task.tests.PlanetApiTest"/>
  <testcase name="testToVerifyPlanetNameToSurfaceWater" time="0.000" classname="com.api.task.tests.PlanetApiTest"/>
  <testcase name="testToVerifyPlanetNameToTerrain" time="0.000" classname="com.api.task.tests.PlanetApiTest"/>
  <testcase name="testToVerifyPlanetNameToGravity" time="0.000" classname="com.api.task.tests.PlanetApiTest"/>
  <testcase name="testToVerifyPlanetNameToRotationPeriod" time="0.000" classname="com.api.task.tests.PlanetApiTest"/>
  <testcase name="testToVerifyPlanetNameToClimate" time="0.000" classname="com.api.task.tests.PlanetApiTest"/>
  <testcase name="testToVerifyPlanetNameToGravity" time="0.000" classname="com.api.task.tests.PlanetApiTest"/>
  <testcase name="testToVerifyPlanetNameToClimate" time="0.000" classname="com.api.task.tests.PlanetApiTest"/>
  <testcase name="testToVerifyPlanetNameToClimate" time="0.001" classname="com.api.task.tests.PlanetApiTest"/>
  <testcase name="testToVerifyPlanetNameToPopulation" time="0.001" classname="com.api.task.tests.PlanetApiTest"/>
  <testcase name="testToVerifyPlanetNameToSurfaceWater" time="0.000" classname="com.api.task.tests.PlanetApiTest"/>
  <testcase name="testToVerifyPlanetNameInApiResponse" time="0.000" classname="com.api.task.tests.PlanetApiTest"/>
  <testcase name="testToVerifyPlanetNameToDiameter" time="0.000" classname="com.api.task.tests.PlanetApiTest"/>
  <testcase name="testToVerifyPlanetNameToPopulation" time="0.000" classname="com.api.task.tests.PlanetApiTest"/>
  <testcase name="testToVerifyPlanetNameInApiResponse" time="0.000" classname="com.api.task.tests.PlanetApiTest"/>
  <testcase name="testToVerifyPlanetNameToGravity" time="0.000" classname="com.api.task.tests.PlanetApiTest"/>
  <testcase name="testToVerifyPlanetNameToDiameter" time="0.000" classname="com.api.task.tests.PlanetApiTest"/>
  <testcase name="testToVerifyPlanetNameToRotationPeriod" time="0.000" classname="com.api.task.tests.PlanetApiTest"/>
  <testcase name="testToVerifyPlanetNameToDiameter" time="0.001" classname="com.api.task.tests.PlanetApiTest"/>
  <testcase name="testToVerifyPlanetNameToClimate" time="0.001" classname="com.api.task.tests.PlanetApiTest"/>
  <testcase name="testToVerifyPlanetNameToSurfaceWater" time="0.000" classname="com.api.task.tests.PlanetApiTest"/>
  <testcase name="testToVerifyPlanetNameToUrl" time="0.000" classname="com.api.task.tests.PlanetApiTest"/>
  <testcase name="testToVerifyPlanetNameToTerrain" time="0.000" classname="com.api.task.tests.PlanetApiTest"/>
  <testcase name="testToVerifyPlanetNameToUrl" time="0.000" classname="com.api.task.tests.PlanetApiTest"/>
  <testcase name="testToVerifyPlanetNameToPopulation" time="0.000" classname="com.api.task.tests.PlanetApiTest"/>
  <testcase name="testToVerifyPlanetNameInApiResponse" time="0.000" classname="com.api.task.tests.PlanetApiTest"/>
  <testcase name="testToVerifyPlanetNameToRotationPeriod" time="0.000" classname="com.api.task.tests.PlanetApiTest"/>
  <testcase name="testToVerifyPlanetNameToTerrain" time="0.000" classname="com.api.task.tests.PlanetApiTest"/>
  <testcase name="testToVerifyPlanetNameToClimate" time="0.000" classname="com.api.task.tests.PlanetApiTest"/>
  <testcase name="testToVerifyPlanetNameToRotationPeriod" time="0.000" classname="com.api.task.tests.PlanetApiTest"/>
  <testcase name="testToVerifyPlanetNameToGravity" time="0.000" classname="com.api.task.tests.PlanetApiTest"/>
  <testcase name="testToVerifyPlanetNameToTerrain" time="0.000" classname="com.api.task.tests.PlanetApiTest"/>
  <testcase name="testToVerifyPlanetNameToUrl" time="0.000" classname="com.api.task.tests.PlanetApiTest"/>
  <testcase name="testToVerifyPlanetNameToTerrain" time="0.000" classname="com.api.task.tests.PlanetApiTest"/>
  <testcase name="testToVerifyPlanetNameToDiameter" time="0.000" classname="com.api.task.tests.PlanetApiTest"/>
  <testcase name="testToVerifyPlanetNameToSurfaceWater" time="0.000" classname="com.api.task.tests.PlanetApiTest"/>
  <testcase name="testToVerifyPlanetNameToGravity" time="0.001" classname="com.api.task.tests.PlanetApiTest"/>
  <testcase name="testToVerifyPlanetNameToPopulation" time="0.000" classname="com.api.task.tests.PlanetApiTest"/>
  <testcase name="testToVerifyPlanetNameToTerrain" time="0.000" classname="com.api.task.tests.PlanetApiTest"/>
  <testcase name="testToVerifyPlanetNameToPopulation" time="0.000" classname="com.api.task.tests.PlanetApiTest"/>
  <testcase name="testToVerifyPlanetNameToSurfaceWater" time="0.000" classname="com.api.task.tests.PlanetApiTest"/>
  <testcase name="testToVerifyPlanetNameToRotationPeriod" time="0.000" classname="com.api.task.tests.PlanetApiTest"/>
  <testcase name="testToVerifyPlanetNameToUrl" time="0.000" classname="com.api.task.tests.PlanetApiTest"/>
  <testcase name="testToVerifyPlanetNameToRotationPeriod" time="0.000" classname="com.api.task.tests.PlanetApiTest"/>
  <testcase name="testToVerifyPlanetNameToRotationPeriod" time="0.000" classname="com.api.task.tests.PlanetApiTest"/>
  <testcase name="testToVerifyPlanetNameToRotationPeriod" time="0.000" classname="com.api.task.tests.PlanetApiTest"/>
  <testcase name="testToVerifyPlanetNameInApiResponse" time="0.000" classname="com.api.task.tests.PlanetApiTest"/>
  <testcase name="testToVerifyPlanetNameToTerrain" time="0.001" classname="com.api.task.tests.PlanetApiTest"/>
  <testcase name="testToVerifyPlanetNameToPopulation" time="0.000" classname="com.api.task.tests.PlanetApiTest"/>
  <testcase name="testToVerifyPlanetNameToSurfaceWater" time="0.000" classname="com.api.task.tests.PlanetApiTest"/>
  <testcase name="testToVerifyPlanetNameInApiResponse" time="0.000" classname="com.api.task.tests.PlanetApiTest"/>
  <testcase name="testToVerifyPlanetNameToPopulation" time="0.000" classname="com.api.task.tests.PlanetApiTest"/>
  <testcase name="testToVerifyPlanetNameToClimate" time="0.000" classname="com.api.task.tests.PlanetApiTest"/>
  <testcase name="testToVerifyPlanetNameToSurfaceWater" time="0.000" classname="com.api.task.tests.PlanetApiTest"/>
  <testcase name="testToVerifyPlanetNameToDiameter" time="0.000" classname="com.api.task.tests.PlanetApiTest"/>
  <testcase name="testToVerifyPlanetNameToGravity" time="0.000" classname="com.api.task.tests.PlanetApiTest"/>
  <testcase name="testToVerifyPlanetNameToDiameter" time="0.000" classname="com.api.task.tests.PlanetApiTest"/>
  <testcase name="testToVerifyPlanetNameToTerrain" time="0.000" classname="com.api.task.tests.PlanetApiTest"/>
  <testcase name="testToVerifyPlanetNameToPopulation" time="0.000" classname="com.api.task.tests.PlanetApiTest"/>
  <testcase name="testToVerifyPlanetNameToTerrain" time="0.000" classname="com.api.task.tests.PlanetApiTest"/>
  <testcase name="testToVerifyPlanetNameToGravity" time="0.000" classname="com.api.task.tests.PlanetApiTest"/>
  <testcase name="testToVerifyPlanetNameToTerrain" time="0.000" classname="com.api.task.tests.PlanetApiTest"/>
  <testcase name="testToVerifyPlanetNameToRotationPeriod" time="0.000" classname="com.api.task.tests.PlanetApiTest"/>
  <testcase name="testToVerifyPlanetNameToPopulation" time="0.000" classname="com.api.task.tests.PlanetApiTest"/>
  <testcase name="testToVerifyPlanetNameToDiameter" time="0.001" classname="com.api.task.tests.PlanetApiTest"/>
  <testcase name="testToVerifyPlanetNameToSurfaceWater" time="0.000" classname="com.api.task.tests.PlanetApiTest"/>
  <testcase name="testToVerifyPlanetNameToPopulation" time="0.000" classname="com.api.task.tests.PlanetApiTest"/>
  <testcase name="testToVerifyPlanetNameToClimate" time="0.000" classname="com.api.task.tests.PlanetApiTest"/>
  <testcase name="testToVerifyPlanetNameToTerrain" time="0.000" classname="com.api.task.tests.PlanetApiTest"/>
  <testcase name="testToVerifyPlanetNameToUrl" time="0.000" classname="com.api.task.tests.PlanetApiTest"/>
  <testcase name="testToVerifyPlanetNameToPopulation" time="0.000" classname="com.api.task.tests.PlanetApiTest"/>
  <testcase name="testToVerifyPlanetNameToTerrain" time="0.000" classname="com.api.task.tests.PlanetApiTest"/>
  <testcase name="testToVerifyPlanetNameToSurfaceWater" time="0.000" classname="com.api.task.tests.PlanetApiTest"/>
  <testcase name="testToVerifyPlanetNameInApiResponse" time="0.000" classname="com.api.task.tests.PlanetApiTest"/>
  <testcase name="testToVerifyPlanetNameToRotationPeriod" time="0.000" classname="com.api.task.tests.PlanetApiTest"/>
  <testcase name="testToVerifyPlanetNameToTerrain" time="0.000" classname="com.api.task.tests.PlanetApiTest"/>
  <testcase name="testToVerifyPlanetNameToPopulation" time="0.000" classname="com.api.task.tests.PlanetApiTest"/>
  <testcase name="testToVerifyPlanetNameToDiameter" time="0.000" classname="com.api.task.tests.PlanetApiTest"/>
  <testcase name="testToVerifyPlanetNameToUrl" time="0.000" classname="com.api.task.tests.PlanetApiTest"/>
  <testcase name="testToVerifyPlanetNameToSurfaceWater" time="0.000" classname="com.api.task.tests.PlanetApiTest"/>
  <testcase name="testToVerifyPlanetNameToPopulation" time="0.000" classname="com.api.task.tests.PlanetApiTest"/>
  <testcase name="testToVerifyPlanetNameToUrl" time="0.000" classname="com.api.task.tests.PlanetApiTest"/>
  <testcase name="testToVerifyPlanetNameToGravity" time="0.000" classname="com.api.task.tests.PlanetApiTest"/>
  <testcase name="testToVerifyPlanetNameToPopulation" time="0.000" classname="com.api.task.tests.PlanetApiTest"/>
  <testcase name="testToVerifyPlanetNameInApiResponse" time="0.000" classname="com.api.task.tests.PlanetApiTest"/>
  <testcase name="testToVerifyPlanetNameToDiameter" time="0.000" classname="com.api.task.tests.PlanetApiTest"/>
  <testcase name="testToVerifyPlanetNameToClimate" time="0.000" classname="com.api.task.tests.PlanetApiTest"/>
  <testcase name="testToVerifyPlanetNameInApiResponse" time="0.000" classname="com.api.task.tests.PlanetApiTest"/>
  <testcase name="testToVerifyPlanetNameToRotationPeriod" time="0.000" classname="com.api.task.tests.PlanetApiTest"/>
  <testcase name="testToVerifyPlanetNameToUrl" time="0.000" classname="com.api.task.tests.PlanetApiTest"/>
  <testcase name="testToVerifyPlanetNameToUrl" time="0.000" classname="com.api.task.tests.PlanetApiTest"/>
  <testcase name="testToVerifyPlanetNameToUrl" time="0.000" classname="com.api.task.tests.PlanetApiTest"/>
  <testcase name="testToVerifyPlanetNameToClimate" time="0.000" classname="com.api.task.tests.PlanetApiTest"/>
  <testcase name="testToVerifyPlanetNameToSurfaceWater" time="0.000" classname="com.api.task.tests.PlanetApiTest"/>
  <testcase name="testToVerifyPlanetNameInApiResponse" time="0.000" classname="com.api.task.tests.PlanetApiTest"/>
  <testcase name="testToVerifyPlanetNameToDiameter" time="0.000" classname="com.api.task.tests.PlanetApiTest"/>
  <testcase name="testToVerifyPlanetNameToPopulation" time="0.000" classname="com.api.task.tests.PlanetApiTest"/>
  <testcase name="testToVerifyPlanetNameInApiResponse" time="0.000" classname="com.api.task.tests.PlanetApiTest"/>
  <testcase name="testToVerifyPlanetNameToPopulation" time="0.000" classname="com.api.task.tests.PlanetApiTest"/>
  <testcase name="testToVerifyPlanetNameToClimate" time="0.000" classname="com.api.task.tests.PlanetApiTest"/>
  <testcase name="testToVerifyPlanetNameToSurfaceWater" time="0.000" classname="com.api.task.tests.PlanetApiTest"/>
  <testcase name="testToVerifyPlanetNameInApiResponse" time="0.001" classname="com.api.task.tests.PlanetApiTest"/>
  <testcase name="testToVerifyPlanetNameToGravity" time="0.000" classname="com.api.task.tests.PlanetApiTest"/>
  <testcase name="testToVerifyPlanetNameToSurfaceWater" time="0.000" classname="com.api.task.tests.PlanetApiTest"/>
  <testcase name="testToVerifyPlanetNameToUrl" time="0.000" classname="com.api.task.tests.PlanetApiTest"/>
  <testcase name="testToVerifyPlanetNameToClimate" time="0.000" classname="com.api.task.tests.PlanetApiTest"/>
  <testcase name="testToVerifyPlanetNameToUrl" time="0.000" classname="com.api.task.tests.PlanetApiTest"/>
  <testcase name="testToVerifyPlanetNameToGravity" time="0.001" classname="com.api.task.tests.PlanetApiTest"/>
  <testcase name="testToVerifyPlanetNameToGravity" time="0.000" classname="com.api.task.tests.PlanetApiTest"/>
  <testcase name="testToVerifyPlanetNameToTerrain" time="0.000" classname="com.api.task.tests.PlanetApiTest"/>
  <testcase name="testToVerifyPlanetNameToDiameter" time="0.000" classname="com.api.task.tests.PlanetApiTest"/>
  <testcase name="testToVerifyPlanetNameToClimate" time="0.000" classname="com.api.task.tests.PlanetApiTest"/>
  <testcase name="testToVerifyPlanetNameToClimate" time="0.000" classname="com.api.task.tests.PlanetApiTest"/>
  <testcase name="testToVerifyPlanetNameToTerrain" time="0.000" classname="com.api.task.tests.PlanetApiTest"/>
  <testcase name="testToVerifyPlanetNameToTerrain" time="0.000" classname="com.api.task.tests.PlanetApiTest"/>
  <testcase name="testToVerifyPlanetNameToGravity" time="0.000" classname="com.api.task.tests.PlanetApiTest"/>
  <testcase name="testToVerifyPlanetNameToSurfaceWater" time="0.000" classname="com.api.task.tests.PlanetApiTest"/>
  <testcase name="testToVerifyPlanetNameToDiameter" time="0.000" classname="com.api.task.tests.PlanetApiTest"/>
  <testcase name="testToVerifyPlanetNameToPopulation" time="0.000" classname="com.api.task.tests.PlanetApiTest"/>
  <testcase name="testToVerifyPlanetNameToPopulation" time="0.001" classname="com.api.task.tests.PlanetApiTest"/>
</testsuite> <!-- com.api.task.tests.PlanetApiTest -->
